2024-07-13 21:45:29,793 [INFO] Activator:176 - 


2024-07-13 21:45:29,812 [INFO] Activator:177 - !SESSION log4j initialized
2024-07-13 21:45:46,969 [INFO] LogOutputStream:77 - [STDOUT_REDIRECT] 
2024-07-13 21:45:47,852 [ERROR] ConfigurationRetriever:142 - IOException on connection: sw-center.st.com
2024-07-13 21:45:47,854 [ERROR] ConfigurationRetriever:142 - IOException on connection: sw-center.st.com
2024-07-13 21:45:47,855 [ERROR] ConfigurationRetriever:142 - IOException on connection: sw-center.st.com
2024-07-13 21:45:47,863 [ERROR] ConfigurationRetriever:142 - IOException on connection: sw-center.st.com
2024-07-13 21:45:47,866 [ERROR] ConfigurationRetriever:142 - IOException on connection: sw-center.st.com
2024-07-13 21:45:47,868 [ERROR] ConfigurationRetriever:142 - IOException on connection: sw-center.st.com
2024-07-13 21:45:53,104 [ERROR] ConfigurationRetriever:142 - IOException on connection: sw-center.st.com
2024-07-13 21:45:53,106 [ERROR] ConfigurationRetriever:142 - IOException on connection: sw-center.st.com
2024-07-13 21:45:53,109 [ERROR] ConfigurationRetriever:142 - IOException on connection: sw-center.st.com
2024-07-13 21:45:55,054 [ERROR] ConfigurationRetriever:142 - IOException on connection: sw-center.st.com
2024-07-13 21:45:55,056 [ERROR] ConfigurationRetriever:142 - IOException on connection: sw-center.st.com
2024-07-13 21:45:55,057 [ERROR] ConfigurationRetriever:142 - IOException on connection: sw-center.st.com
2024-07-13 21:45:56,513 [INFO] ApplicationProperties:184 - Using Application install path: C:\ST\STM32CubeIDE_1.16.0\STM32CubeIDE\plugins\com.st.stm32cube.common.mx_6.12.0.202406281431
2024-07-13 21:45:56,568 [INFO] DbMcusXml:78 - Set database path to: C:\ST\STM32CubeIDE_1.16.0\STM32CubeIDE\plugins\com.st.stm32cube.common.mx_6.12.0.202406281431\\db\/mcu/
2024-07-13 21:45:56,569 [INFO] ApiDb:274 - Set plugin database path to: C:\ST\STM32CubeIDE_1.16.0\STM32CubeIDE\plugins\com.st.stm32cube.common.mx_6.12.0.202406281431\\db\/plugins/boardmanager/
2024-07-13 21:45:56,569 [WARN] ApiDb:259 - Overriding images path with different value:  => C:\ST\STM32CubeIDE_1.16.0\STM32CubeIDE\plugins\com.st.stm32cube.common.mx_6.12.0.202406281431\\db\/plugins/mcufinder/images/
2024-07-13 21:45:56,618 [INFO] ApiDb:250 - Set database path to: C:\Users\15149\.stmcufinder\plugins\mcufinder//mcu/
2024-07-13 21:45:56,621 [INFO] DbMcusAds:125 - Set database path to: C:\Users\15149\.stmcufinder\plugins\mcufinder//mcu/
2024-07-13 21:45:56,629 [INFO] CrossReferenceDbSqlite:203 - Set database path to: C:\Users\15149\.stmcufinder\plugins\mcufinder//mcu/cs/
2024-07-13 21:45:57,040 [INFO] RulesReader:64 - Compatibility file has been processed (297 Rules)
2024-07-13 21:45:57,317 [INFO] DbMcusXml:78 - Set database path to: C:\ST\STM32CubeIDE_1.16.0\STM32CubeIDE\plugins\com.st.stm32cube.common.mx_6.12.0.202406281431\\db\/mcu/
2024-07-13 21:45:57,318 [INFO] ApiDb:274 - Set plugin database path to: C:\ST\STM32CubeIDE_1.16.0\STM32CubeIDE\plugins\com.st.stm32cube.common.mx_6.12.0.202406281431\\db\/plugins/boardmanager/
2024-07-13 21:45:57,318 [INFO] ApiDb:261 - Set plugin images path to: C:\ST\STM32CubeIDE_1.16.0\STM32CubeIDE\plugins\com.st.stm32cube.common.mx_6.12.0.202406281431\\db\/plugins/mcufinder/images/
2024-07-13 21:45:57,318 [WARN] DbFile:41 - Overriding database path with different value: C:\Users\15149\.stmcufinder\plugins\mcufinder/ => C:\Users\15149\.stmcufinder\plugins\mcufinder
2024-07-13 21:45:57,319 [INFO] ApiDb:250 - Set database path to: C:\Users\15149\.stmcufinder\plugins\mcufinder//mcu/
2024-07-13 21:45:57,319 [WARN] DbFile:41 - Overriding database path with different value: C:\Users\15149\.stmcufinder\plugins\mcufinder/ => C:\Users\15149\.stmcufinder\plugins\mcufinder
2024-07-13 21:45:57,319 [INFO] DbMcusAds:125 - Set database path to: C:\Users\15149\.stmcufinder\plugins\mcufinder//mcu/
2024-07-13 21:45:57,320 [WARN] DbFile:41 - Overriding database path with different value: C:\Users\15149\.stmcufinder\plugins\mcufinder/ => C:\Users\15149\.stmcufinder\plugins\mcufinder
2024-07-13 21:45:57,320 [WARN] DbFile:41 - Overriding database path with different value: C:\Users\15149\.stmcufinder\plugins\mcufinder/ => C:\Users\15149\.stmcufinder\plugins\mcufinder
2024-07-13 21:45:57,320 [INFO] CrossReferenceDbSqlite:203 - Set database path to: C:\Users\15149\.stmcufinder\plugins\mcufinder//mcu/cs/
2024-07-13 21:45:57,560 [INFO] MainPanel:268 - HeapMemory: 567279616
2024-07-13 21:45:57,850 [INFO] DbMcusXml:78 - Set database path to: C:\ST\STM32CubeIDE_1.16.0\STM32CubeIDE\plugins\com.st.stm32cube.common.mx_6.12.0.202406281431\\db\/mcu/
2024-07-13 21:45:57,850 [INFO] ApiDb:274 - Set plugin database path to: C:\ST\STM32CubeIDE_1.16.0\STM32CubeIDE\plugins\com.st.stm32cube.common.mx_6.12.0.202406281431\\db\/plugins/boardmanager/
2024-07-13 21:45:57,851 [INFO] ApiDb:261 - Set plugin images path to: C:\ST\STM32CubeIDE_1.16.0\STM32CubeIDE\plugins\com.st.stm32cube.common.mx_6.12.0.202406281431\\db\/plugins/mcufinder/images/
2024-07-13 21:45:57,852 [WARN] DbFile:41 - Overriding database path with different value: C:\Users\15149\.stmcufinder\plugins\mcufinder/ => C:\Users\15149\.stmcufinder\plugins\mcufinder
2024-07-13 21:45:57,853 [INFO] ApiDb:250 - Set database path to: C:\Users\15149\.stmcufinder\plugins\mcufinder//mcu/
2024-07-13 21:45:57,853 [WARN] DbFile:41 - Overriding database path with different value: C:\Users\15149\.stmcufinder\plugins\mcufinder/ => C:\Users\15149\.stmcufinder\plugins\mcufinder
2024-07-13 21:45:57,854 [INFO] DbMcusAds:125 - Set database path to: C:\Users\15149\.stmcufinder\plugins\mcufinder//mcu/
2024-07-13 21:45:57,854 [WARN] DbFile:41 - Overriding database path with different value: C:\Users\15149\.stmcufinder\plugins\mcufinder/ => C:\Users\15149\.stmcufinder\plugins\mcufinder
2024-07-13 21:45:57,854 [WARN] DbFile:41 - Overriding database path with different value: C:\Users\15149\.stmcufinder\plugins\mcufinder/ => C:\Users\15149\.stmcufinder\plugins\mcufinder
2024-07-13 21:45:57,855 [INFO] CrossReferenceDbSqlite:203 - Set database path to: C:\Users\15149\.stmcufinder\plugins\mcufinder//mcu/cs/
2024-07-13 21:45:57,913 [INFO] ApplicationProperties:184 - Using Application install path: C:\ST\STM32CubeIDE_1.16.0\STM32CubeIDE\plugins\com.st.stm32cube.common.mx_6.12.0.202406281431
2024-07-13 21:45:57,917 [INFO] PluginManage:196 - Search for loadable plugins [exclusion list=, ]
2024-07-13 21:45:57,922 [INFO] PluginManage:310 - Check plugin analytics
2024-07-13 21:45:58,460 [INFO] AnalyticsPlugin:253 - Accepted Software Licenses: STM32CubeMX.6.9.2
2024-07-13 21:45:58,461 [INFO] AnalyticsPlugin:255 - Accepted CMSIS Pack Licenses: 
2024-07-13 21:45:58,461 [INFO] AnalyticsPlugin:257 - Accepted Firmware Licenses: FW.F4.1.27.0
2024-07-13 21:45:58,468 [INFO] PluginManage:359 - Loaded plugin analytics (category:tool,tabindex:-1)
2024-07-13 21:45:58,469 [INFO] PluginManage:310 - Check plugin cadmodel
2024-07-13 21:45:58,470 [ERROR] ConfigurationRetriever:142 - IOException on connection: sw-center.st.com
2024-07-13 21:45:58,472 [ERROR] ConfigurationRetriever:142 - IOException on connection: sw-center.st.com
2024-07-13 21:45:58,473 [ERROR] ConfigurationRetriever:142 - IOException on connection: sw-center.st.com
2024-07-13 21:45:58,512 [INFO] CADModel:105 - Init CAD model plugin
2024-07-13 21:45:58,513 [INFO] PluginManage:359 - Loaded plugin cadmodel (category:power,tabindex:5)
2024-07-13 21:45:58,513 [INFO] PluginManage:310 - Check plugin clock
2024-07-13 21:45:58,581 [INFO] PluginManage:359 - Loaded plugin clock (category:base,tabindex:2)
2024-07-13 21:45:58,582 [INFO] PluginManage:310 - Check plugin ddr
2024-07-13 21:45:58,590 [INFO] PluginManage:359 - Loaded plugin ddr (category:tool,tabindex:6)
2024-07-13 21:45:58,591 [INFO] PluginManage:310 - Check plugin filemanager
2024-07-13 21:45:59,021 [INFO] PluginManage:359 - Loaded plugin filemanager (category:base,tabindex:10)
2024-07-13 21:45:59,021 [INFO] PluginManage:310 - Check plugin ipmanager
2024-07-13 21:45:59,043 [INFO] PluginManage:359 - Loaded plugin ipmanager (category:base,tabindex:5)
2024-07-13 21:45:59,044 [INFO] PluginManage:310 - Check plugin lpbam
2024-07-13 21:45:59,100 [INFO] PluginManage:359 - Loaded plugin lpbam (category:base,tabindex:0)
2024-07-13 21:45:59,101 [INFO] PluginManage:310 - Check plugin memorymap
2024-07-13 21:45:59,174 [INFO] PluginManage:359 - Loaded plugin memorymap (category:base,tabindex:4)
2024-07-13 21:45:59,175 [INFO] PluginManage:310 - Check plugin pinoutandconfiguration
2024-07-13 21:45:59,223 [INFO] PluginManage:359 - Loaded plugin pinoutandconfiguration (category:base,tabindex:1)
2024-07-13 21:45:59,224 [INFO] PluginManage:310 - Check plugin pinoutconfig
2024-07-13 21:45:59,518 [WARN] SupportedApi:132 - Cannot load RTOS API schema: s4s-elt-must-match.1: The content of 'definitions' must match (annotation?, (simpleType | complexType)?, (unique | key | keyref)*)). A problem was found starting at: attribute.
2024-07-13 21:45:59,924 [INFO] PluginManage:359 - Loaded plugin pinoutconfig (category:base,tabindex:0)
2024-07-13 21:45:59,925 [INFO] PluginManage:310 - Check plugin power
2024-07-13 21:45:59,986 [INFO] PluginManage:359 - Loaded plugin power (category:power,tabindex:4)
2024-07-13 21:45:59,986 [INFO] PluginManage:310 - Check plugin projectmanager
2024-07-13 21:46:00,039 [INFO] PluginManage:359 - Loaded plugin projectmanager (category:projectmanager,tabindex:4)
2024-07-13 21:46:00,039 [INFO] PluginManage:310 - Check plugin rif
2024-07-13 21:46:00,092 [INFO] PluginManage:359 - Loaded plugin rif (category:base,tabindex:3)
2024-07-13 21:46:00,093 [INFO] PluginManage:310 - Check plugin thirdparty
2024-07-13 21:46:00,893 [INFO] PluginManage:359 - Loaded plugin thirdparty (category:base,tabindex:-1)
2024-07-13 21:46:00,893 [WARN] IntegrityCheckThread:84 - waiting for thirdparty lock release [integrity check]
2024-07-13 21:46:00,893 [INFO] PluginManage:310 - Check plugin tools
2024-07-13 21:46:00,894 [INFO] IntegrityCheckThread:86 - entering critical section [integrity check]
2024-07-13 21:46:00,895 [INFO] ThirdPartyUpdaterWithRetryManager:70 - Updater plugin not ready yet. [1/15]
2024-07-13 21:46:01,031 [INFO] PluginManage:359 - Loaded plugin tools (category:base,tabindex:7)
2024-07-13 21:46:01,032 [INFO] PluginManage:310 - Check plugin tutovideos
2024-07-13 21:46:01,674 [INFO] PluginManage:359 - Loaded plugin tutovideos (category:base,tabindex:-1)
2024-07-13 21:46:01,674 [INFO] PluginManage:310 - Check plugin updater
2024-07-13 21:46:01,728 [INFO] PluginManage:359 - Loaded plugin updater (category:base,tabindex:12)
2024-07-13 21:46:01,728 [INFO] PluginManage:310 - Check plugin userauth
2024-07-13 21:46:01,746 [INFO] UserAuth:113 - Init User Auth plugin
2024-07-13 21:46:01,746 [INFO] PluginManage:359 - Loaded plugin userauth (category:base,tabindex:14)
2024-07-13 21:46:01,748 [INFO] PluginManage:283 - PluginManage : Loaded plugins [18]
2024-07-13 21:46:02,478 [INFO] PinOutPanel:1561 - setPackage(No Configuration,No Configuration)
2024-07-13 21:46:02,799 [INFO] CADModel:165 - CPN selected for project level
2024-07-13 21:46:02,799 [INFO] CADModel:114 - Register for checkConnection events
2024-07-13 21:46:02,891 [INFO] IPUIPlugin:80 - create IPUIPlugin
2024-07-13 21:46:02,892 [INFO] PluginManager:220 - loadIPPluginJar : add adc
2024-07-13 21:46:03,048 [INFO] IPUIPlugin:80 - create IPUIPlugin
2024-07-13 21:46:03,049 [INFO] PluginManager:220 - loadIPPluginJar : add aes
2024-07-13 21:46:03,231 [INFO] IPUIPlugin:80 - create IPUIPlugin
2024-07-13 21:46:03,231 [INFO] PluginManager:220 - loadIPPluginJar : add can
2024-07-13 21:46:03,333 [INFO] IPUIPlugin:80 - create IPUIPlugin
2024-07-13 21:46:03,334 [INFO] PluginManager:220 - loadIPPluginJar : add comp
2024-07-13 21:46:03,466 [INFO] IPUIPlugin:80 - create IPUIPlugin
2024-07-13 21:46:03,467 [INFO] PluginManager:220 - loadIPPluginJar : add cryp
2024-07-13 21:46:03,508 [INFO] IPUIPlugin:80 - create IPUIPlugin
2024-07-13 21:46:03,508 [INFO] PluginManager:220 - loadIPPluginJar : add ddr_ctrl_phy
2024-07-13 21:46:03,636 [INFO] IPUIPlugin:80 - create IPUIPlugin
2024-07-13 21:46:03,637 [INFO] PluginManager:220 - loadIPPluginJar : add dfsdm
2024-07-13 21:46:03,682 [INFO] IPUIPlugin:80 - create IPUIPlugin
2024-07-13 21:46:03,683 [INFO] PluginManager:220 - loadIPPluginJar : add dma
2024-07-13 21:46:03,850 [INFO] IPUIPlugin:80 - create IPUIPlugin
2024-07-13 21:46:03,851 [INFO] PluginManager:220 - loadIPPluginJar : add dma3
2024-07-13 21:46:03,897 [INFO] ThirdPartyUpdaterWithRetryManager:70 - Updater plugin not ready yet. [2/15]
2024-07-13 21:46:04,014 [INFO] IPUIPlugin:80 - create IPUIPlugin
2024-07-13 21:46:04,015 [INFO] PluginManager:220 - loadIPPluginJar : add extmemmanager
2024-07-13 21:46:04,081 [INFO] IPUIPlugin:80 - create IPUIPlugin
2024-07-13 21:46:04,081 [INFO] PluginManager:220 - loadIPPluginJar : add fatfs
2024-07-13 21:46:04,208 [INFO] IPUIPlugin:80 - create IPUIPlugin
2024-07-13 21:46:04,209 [INFO] PluginManager:220 - loadIPPluginJar : add fmc
2024-07-13 21:46:04,245 [INFO] IPUIPlugin:80 - create IPUIPlugin
2024-07-13 21:46:04,245 [INFO] PluginManager:220 - loadIPPluginJar : add freertos
2024-07-13 21:46:04,300 [INFO] IPUIPlugin:80 - create IPUIPlugin
2024-07-13 21:46:04,301 [INFO] PluginManager:220 - loadIPPluginJar : add genericplugin
2024-07-13 21:46:04,570 [INFO] IPUIPlugin:80 - create IPUIPlugin
2024-07-13 21:46:04,571 [INFO] PluginManager:220 - loadIPPluginJar : add gfxmmu
2024-07-13 21:46:04,955 [INFO] IPUIPlugin:80 - create IPUIPlugin
2024-07-13 21:46:04,955 [INFO] PluginManager:220 - loadIPPluginJar : add gic
2024-07-13 21:46:04,991 [INFO] IPUIPlugin:80 - create IPUIPlugin
2024-07-13 21:46:04,991 [INFO] PluginManager:220 - loadIPPluginJar : add gpio
2024-07-13 21:46:05,246 [INFO] IPUIPlugin:80 - create IPUIPlugin
2024-07-13 21:46:05,247 [INFO] PluginManager:220 - loadIPPluginJar : add gtzc
2024-07-13 21:46:05,337 [INFO] IPUIPlugin:80 - create IPUIPlugin
2024-07-13 21:46:05,338 [INFO] PluginManager:220 - loadIPPluginJar : add hash
2024-07-13 21:46:05,488 [INFO] IPUIPlugin:80 - create IPUIPlugin
2024-07-13 21:46:05,489 [INFO] PluginManager:220 - loadIPPluginJar : add i2c
2024-07-13 21:46:05,605 [INFO] IPUIPlugin:80 - create IPUIPlugin
2024-07-13 21:46:05,605 [INFO] PluginManager:220 - loadIPPluginJar : add i2s
2024-07-13 21:46:05,720 [INFO] IPUIPlugin:80 - create IPUIPlugin
2024-07-13 21:46:05,721 [INFO] PluginManager:220 - loadIPPluginJar : add i3c
2024-07-13 21:46:06,059 [INFO] IPUIPlugin:80 - create IPUIPlugin
2024-07-13 21:46:06,059 [INFO] PluginManager:220 - loadIPPluginJar : add ipddr
2024-07-13 21:46:06,316 [INFO] IPUIPlugin:80 - create IPUIPlugin
2024-07-13 21:46:06,316 [INFO] PluginManager:220 - loadIPPluginJar : add linkedlist
2024-07-13 21:46:06,420 [INFO] IPUIPlugin:80 - create IPUIPlugin
2024-07-13 21:46:06,421 [INFO] PluginManager:220 - loadIPPluginJar : add lorawan
2024-07-13 21:46:06,524 [INFO] IPUIPlugin:80 - create IPUIPlugin
2024-07-13 21:46:06,524 [INFO] PluginManager:220 - loadIPPluginJar : add ltdc
2024-07-13 21:46:06,561 [INFO] IPUIPlugin:80 - create IPUIPlugin
2024-07-13 21:46:06,561 [INFO] PluginManager:220 - loadIPPluginJar : add mdma
2024-07-13 21:46:06,593 [INFO] IPUIPlugin:80 - create IPUIPlugin
2024-07-13 21:46:06,593 [INFO] PluginManager:220 - loadIPPluginJar : add nvic
2024-07-13 21:46:06,691 [INFO] IPUIPlugin:80 - create IPUIPlugin
2024-07-13 21:46:06,692 [INFO] PluginManager:220 - loadIPPluginJar : add opamp
2024-07-13 21:46:06,864 [INFO] IPUIPlugin:80 - create IPUIPlugin
2024-07-13 21:46:06,864 [INFO] PluginManager:220 - loadIPPluginJar : add openamp
2024-07-13 21:46:06,898 [INFO] ThirdPartyUpdaterWithRetryManager:70 - Updater plugin not ready yet. [3/15]
2024-07-13 21:46:06,979 [INFO] IPUIPlugin:80 - create IPUIPlugin
2024-07-13 21:46:06,979 [INFO] PluginManager:220 - loadIPPluginJar : add pdm2pcm
2024-07-13 21:46:07,018 [INFO] IPUIPlugin:80 - create IPUIPlugin
2024-07-13 21:46:07,024 [INFO] PluginManager:220 - loadIPPluginJar : add plateformsettings
2024-07-13 21:46:07,084 [INFO] IPUIPlugin:80 - create IPUIPlugin
2024-07-13 21:46:07,085 [INFO] PluginManager:220 - loadIPPluginJar : add quadspi
2024-07-13 21:46:07,158 [INFO] IPUIPlugin:80 - create IPUIPlugin
2024-07-13 21:46:07,160 [INFO] PluginManager:220 - loadIPPluginJar : add radio
2024-07-13 21:46:07,197 [INFO] IPUIPlugin:80 - create IPUIPlugin
2024-07-13 21:46:07,197 [INFO] PluginManager:220 - loadIPPluginJar : add resmgrutility
2024-07-13 21:46:07,327 [INFO] IPUIPlugin:80 - create IPUIPlugin
2024-07-13 21:46:07,327 [INFO] PluginManager:220 - loadIPPluginJar : add sai
2024-07-13 21:46:07,433 [INFO] IPUIPlugin:80 - create IPUIPlugin
2024-07-13 21:46:07,433 [INFO] PluginManager:220 - loadIPPluginJar : add spi
2024-07-13 21:46:07,625 [INFO] IPUIPlugin:80 - create IPUIPlugin
2024-07-13 21:46:07,625 [INFO] PluginManager:220 - loadIPPluginJar : add stm32_wpan
2024-07-13 21:46:07,692 [INFO] IPUIPlugin:80 - create IPUIPlugin
2024-07-13 21:46:07,693 [INFO] PluginManager:220 - loadIPPluginJar : add tim
2024-07-13 21:46:07,861 [INFO] IPUIPlugin:80 - create IPUIPlugin
2024-07-13 21:46:07,862 [INFO] PluginManager:220 - loadIPPluginJar : add touchsensing
2024-07-13 21:46:07,926 [INFO] IPUIPlugin:80 - create IPUIPlugin
2024-07-13 21:46:07,927 [INFO] PluginManager:220 - loadIPPluginJar : add tracer_emb
2024-07-13 21:46:07,990 [INFO] IPUIPlugin:80 - create IPUIPlugin
2024-07-13 21:46:07,990 [INFO] PluginManager:220 - loadIPPluginJar : add ts
2024-07-13 21:46:08,061 [INFO] IPUIPlugin:80 - create IPUIPlugin
2024-07-13 21:46:08,062 [INFO] PluginManager:220 - loadIPPluginJar : add tsc
2024-07-13 21:46:08,127 [INFO] IPUIPlugin:80 - create IPUIPlugin
2024-07-13 21:46:08,127 [INFO] PluginManager:220 - loadIPPluginJar : add ucpd
2024-07-13 21:46:08,276 [INFO] IPUIPlugin:80 - create IPUIPlugin
2024-07-13 21:46:08,277 [INFO] PluginManager:220 - loadIPPluginJar : add usart
2024-07-13 21:46:08,423 [INFO] IPUIPlugin:80 - create IPUIPlugin
2024-07-13 21:46:08,424 [INFO] PluginManager:220 - loadIPPluginJar : add usbx
2024-07-13 21:46:08,685 [INFO] CADModel:165 - CPN selected for project level
2024-07-13 21:46:08,686 [INFO] CADModel:114 - Register for checkConnection events
2024-07-13 21:46:08,686 [FATAL] Updater:334 - Updater called before beeing initialized
2024-07-13 21:46:08,686 [ERROR] CADModel:125 - Updater not yet initialized, retry later 
2024-07-13 21:46:09,087 [INFO] CADModel:165 - CPN selected for project level
2024-07-13 21:46:09,087 [INFO] CADModel:114 - Register for checkConnection events
2024-07-13 21:46:09,088 [FATAL] Updater:334 - Updater called before beeing initialized
2024-07-13 21:46:09,088 [ERROR] CADModel:125 - Updater not yet initialized, retry later 
2024-07-13 21:46:09,095 [FATAL] Updater:334 - Updater called before beeing initialized
2024-07-13 21:46:09,365 [FATAL] Updater:334 - Updater called before beeing initialized
2024-07-13 21:46:09,389 [INFO] DbMcusAds:53 - JSON generation date=Thu May 16 04:22:01 CDT 2024 (1715851321109)
2024-07-13 21:46:09,390 [FATAL] Updater:334 - Updater called before beeing initialized
2024-07-13 21:46:09,494 [WARN] DetailPanel:346 - Failed to get advertising image, set to default
2024-07-13 21:46:09,800 [FATAL] Updater:334 - Updater called before beeing initialized
2024-07-13 21:46:09,804 [FATAL] Updater:334 - Updater called before beeing initialized
2024-07-13 21:46:09,805 [FATAL] Updater:334 - Updater called before beeing initialized
2024-07-13 21:46:09,805 [WARN] DetailPanel:346 - Failed to get advertising image, set to default
2024-07-13 21:46:09,807 [FATAL] Updater:334 - Updater called before beeing initialized
2024-07-13 21:46:09,901 [INFO] ThirdPartyUpdaterWithRetryManager:70 - Updater plugin not ready yet. [4/15]
2024-07-13 21:46:09,964 [ERROR] Updater:1164 - MainUpdater not yet initialized. External WinMGr cannot be set.
2024-07-13 21:46:09,988 [INFO] Updater:1100 - Updater Version found : 6.12.0
2024-07-13 21:46:10,023 [INFO] ApplicationProperties:184 - Using Application install path: C:\ST\STM32CubeIDE_1.16.0\STM32CubeIDE\plugins\com.st.stm32cube.common.mx_6.12.0.202406281431
2024-07-13 21:46:10,703 [INFO] MainUpdater:2873 - connection check result : 22
2024-07-13 21:46:10,705 [INFO] MainUpdater:290 - Updater Check For Update Now.
2024-07-13 21:46:10,706 [INFO] MicroXplorer:498 - Change Database Version : DB.6.0.120
2024-07-13 21:46:10,740 [INFO] McuFinderGlobals:63 - Set McuFinder mode to 2 (CubeIDE integrated)
2024-07-13 21:46:10,755 [INFO] UserAuth:417 - Internet connection configuration mode: 2
2024-07-13 21:46:10,772 [INFO] UserAuth:417 - Internet connection configuration mode: 2
2024-07-13 21:46:11,104 [INFO] CheckServerUpdateThread:120 - End of CheckServer Thread
2024-07-13 21:46:13,706 [WARN] PackLoader:240 - Cannot read IP mode file for STMicroelectronics.FP-SNS-MOTENVWB1.1.4.0
2024-07-13 21:46:13,755 [WARN] PackLoader:240 - Cannot read IP mode file for STMicroelectronics.X-CUBE-SMBUS.2.1.0
2024-07-13 21:46:13,791 [WARN] PackLoader:240 - Cannot read IP mode file for STMicroelectronics.X-CUBE-TOUCHGFX.4.23.0
2024-07-13 21:46:13,910 [WARN] PackLoader:240 - Cannot read IP mode file for STMicroelectronics.X-CUBE-AZRTOS-F7.1.1.0
2024-07-13 21:46:13,959 [WARN] PackLoader:240 - Cannot read IP mode file for STMicroelectronics.FP-SNS-MOTENV1.4.3.2
2024-07-13 21:46:13,997 [WARN] PackLoader:240 - Cannot read IP mode file for STMicroelectronics.FP-SNS-FLIGHT1.5.0.2
2024-07-13 21:46:14,045 [WARN] PackLoader:240 - Cannot read IP mode file for STMicroelectronics.X-CUBE-DISPLAY.3.0.0
2024-07-13 21:46:14,093 [WARN] PackLoader:240 - Cannot read IP mode file for STMicroelectronics.X-CUBE-BLE1.7.0.0
2024-07-13 21:46:14,131 [WARN] PackLoader:240 - Cannot read IP mode file for emotas.I-CUBE-CANOPEN.1.3.0
2024-07-13 21:46:14,164 [WARN] PackLoader:240 - Cannot read IP mode file for STMicroelectronics.X-CUBE-TOUCHGFX.4.22.1
2024-07-13 21:46:14,222 [WARN] PackLoader:240 - Cannot read IP mode file for STMicroelectronics.X-CUBE-BLEMGR.3.1.0
2024-07-13 21:46:14,263 [WARN] PackLoader:240 - Cannot read IP mode file for STMicroelectronics.FP-SNS-SMARTAG2.1.2.0
2024-07-13 21:46:14,317 [INFO] LogOutputStream:77 - [STDOUT_REDIRECT] 1 : Invalid condition id : UX_CORESTACK_Condition cause : null
2024-07-13 21:46:14,318 [INFO] LogOutputStream:77 - [STDOUT_REDIRECT] 1 : Invalid condition id : UX_CORESTACK_Condition cause : null
2024-07-13 21:46:14,320 [INFO] LogOutputStream:77 - [STDOUT_REDIRECT] 1 : Invalid condition id : UX_CORESTACK_Condition cause : null
2024-07-13 21:46:14,323 [INFO] LogOutputStream:77 - [STDOUT_REDIRECT] 1 : Invalid condition id : UX_CORESTACK_Condition cause : null
2024-07-13 21:46:14,326 [INFO] LogOutputStream:77 - [STDOUT_REDIRECT] 1 : Invalid condition id : UX_CORESTACK_Condition cause : null
2024-07-13 21:46:14,335 [WARN] PackLoader:240 - Cannot read IP mode file for STMicroelectronics.X-CUBE-AZRTOS-WL.2.0.0
2024-07-13 21:46:14,368 [WARN] PackLoader:240 - Cannot read IP mode file for STMicroelectronics.FP-SNS-MOTENV1.5.0.0
2024-07-13 21:46:14,401 [WARN] PackLoader:240 - Cannot read IP mode file for wolfSSL.I-CUBE-wolfMQTT.1.19.0
2024-07-13 21:46:14,441 [WARN] PackLoader:240 - Cannot read IP mode file for WES.I-CUBE-Cesium.1.3.0
2024-07-13 21:46:14,474 [WARN] PackLoader:240 - Cannot read IP mode file for STMicroelectronics.X-CUBE-BLE2.3.3.0
2024-07-13 21:46:14,506 [WARN] PackLoader:240 - Cannot read IP mode file for STMicroelectronics.X-CUBE-TCPP.4.1.0
2024-07-13 21:46:14,542 [WARN] PackLoader:240 - Cannot read IP mode file for STMicroelectronics.X-CUBE-ALGOBUILD.1.3.0
2024-07-13 21:46:14,614 [WARN] PackLoader:240 - Cannot read IP mode file for STMicroelectronics.X-CUBE-AZRTOS-G0.1.1.0
2024-07-13 21:46:14,652 [WARN] PackLoader:240 - Cannot read IP mode file for STMicroelectronics.X-CUBE-SAFEA1.1.2.2
2024-07-13 21:46:14,696 [WARN] PackLoader:240 - Cannot read IP mode file for STMicroelectronics.X-CUBE-NFC4.3.0.0
2024-07-13 21:46:14,754 [WARN] PackLoader:240 - Cannot read IP mode file for EmbeddedOffice.I-CUBE-FS-RTOS.1.0.1
2024-07-13 21:46:14,755 [ERROR] ConditionMgr:805 - Attr not supported : Dmpu
2024-07-13 21:46:14,755 [ERROR] ConditionMgr:805 - Attr not supported : Dmpu
2024-07-13 21:46:14,755 [ERROR] ConditionMgr:805 - Attr not supported : Dmpu
2024-07-13 21:46:14,755 [ERROR] ConditionMgr:805 - Attr not supported : Dmpu
2024-07-13 21:46:14,756 [ERROR] ConditionMgr:805 - Attr not supported : Dmpu
2024-07-13 21:46:14,756 [ERROR] ConditionMgr:805 - Attr not supported : Dmpu
2024-07-13 21:46:14,756 [ERROR] ConditionMgr:805 - Attr not supported : Dmpu
2024-07-13 21:46:14,756 [ERROR] ConditionMgr:805 - Attr not supported : Dmpu
2024-07-13 21:46:14,757 [ERROR] ConditionMgr:805 - Attr not supported : Dmpu
2024-07-13 21:46:14,757 [ERROR] ConditionMgr:805 - Attr not supported : Dmpu
2024-07-13 21:46:14,757 [ERROR] ConditionMgr:805 - Attr not supported : Dmpu
2024-07-13 21:46:14,757 [ERROR] ConditionMgr:805 - Attr not supported : Dmpu
2024-07-13 21:46:14,757 [ERROR] ConditionMgr:805 - Attr not supported : Dmpu
2024-07-13 21:46:14,758 [ERROR] ConditionMgr:805 - Attr not supported : Dmpu
2024-07-13 21:46:14,758 [ERROR] ConditionMgr:805 - Attr not supported : Dmpu
2024-07-13 21:46:14,758 [ERROR] ConditionMgr:805 - Attr not supported : Dmpu
2024-07-13 21:46:14,758 [ERROR] ConditionMgr:805 - Attr not supported : Dmpu
2024-07-13 21:46:14,758 [ERROR] ConditionMgr:805 - Attr not supported : Dmpu
2024-07-13 21:46:14,759 [ERROR] ConditionMgr:805 - Attr not supported : Dmpu
2024-07-13 21:46:14,759 [ERROR] ConditionMgr:805 - Attr not supported : Dmpu
2024-07-13 21:46:14,759 [ERROR] ConditionMgr:805 - Attr not supported : Dmpu
2024-07-13 21:46:14,759 [ERROR] ConditionMgr:805 - Attr not supported : Dmpu
2024-07-13 21:46:14,759 [ERROR] ConditionMgr:805 - Attr not supported : Dmpu
2024-07-13 21:46:14,760 [ERROR] ConditionMgr:805 - Attr not supported : Dmpu
2024-07-13 21:46:14,760 [ERROR] ConditionMgr:805 - Attr not supported : Dmpu
2024-07-13 21:46:14,760 [ERROR] ConditionMgr:805 - Attr not supported : Dmpu
2024-07-13 21:46:14,760 [ERROR] ConditionMgr:805 - Attr not supported : Dmpu
2024-07-13 21:46:14,761 [ERROR] ConditionMgr:805 - Attr not supported : Dmpu
2024-07-13 21:46:14,761 [ERROR] ConditionMgr:805 - Attr not supported : Dmpu
2024-07-13 21:46:14,761 [ERROR] ConditionMgr:805 - Attr not supported : Dmpu
2024-07-13 21:46:14,762 [ERROR] ConditionMgr:805 - Attr not supported : Dmpu
2024-07-13 21:46:14,762 [ERROR] ConditionMgr:805 - Attr not supported : Dmpu
2024-07-13 21:46:14,762 [ERROR] ConditionMgr:805 - Attr not supported : Dmpu
2024-07-13 21:46:14,762 [ERROR] ConditionMgr:805 - Attr not supported : Dmpu
2024-07-13 21:46:14,763 [ERROR] ConditionMgr:805 - Attr not supported : Dmpu
2024-07-13 21:46:14,763 [ERROR] ConditionMgr:805 - Attr not supported : Dmpu
2024-07-13 21:46:14,763 [ERROR] ConditionMgr:805 - Attr not supported : Dmpu
2024-07-13 21:46:14,764 [ERROR] ConditionMgr:805 - Attr not supported : Dmpu
2024-07-13 21:46:14,764 [ERROR] ConditionMgr:805 - Attr not supported : Dmpu
2024-07-13 21:46:14,764 [ERROR] ConditionMgr:805 - Attr not supported : Dmpu
2024-07-13 21:46:14,765 [ERROR] ConditionMgr:805 - Attr not supported : Dmpu
2024-07-13 21:46:14,765 [ERROR] ConditionMgr:805 - Attr not supported : Dmpu
2024-07-13 21:46:14,765 [ERROR] ConditionMgr:805 - Attr not supported : Dmpu
2024-07-13 21:46:14,765 [ERROR] ConditionMgr:805 - Attr not supported : Dmpu
2024-07-13 21:46:14,765 [ERROR] ConditionMgr:805 - Attr not supported : Dmpu
2024-07-13 21:46:14,766 [ERROR] ConditionMgr:805 - Attr not supported : Dmpu
2024-07-13 21:46:14,766 [ERROR] ConditionMgr:805 - Attr not supported : Dmpu
2024-07-13 21:46:14,766 [ERROR] ConditionMgr:805 - Attr not supported : Dmpu
2024-07-13 21:46:14,767 [ERROR] ConditionMgr:805 - Attr not supported : Dmpu
2024-07-13 21:46:14,767 [ERROR] ConditionMgr:805 - Attr not supported : Dmpu
2024-07-13 21:46:14,767 [ERROR] ConditionMgr:805 - Attr not supported : Dmpu
2024-07-13 21:46:14,768 [ERROR] ConditionMgr:805 - Attr not supported : Dmpu
2024-07-13 21:46:14,768 [ERROR] ConditionMgr:805 - Attr not supported : Dmpu
2024-07-13 21:46:14,769 [ERROR] ConditionMgr:805 - Attr not supported : Dmpu
2024-07-13 21:46:14,769 [ERROR] ConditionMgr:805 - Attr not supported : Dmpu
2024-07-13 21:46:14,769 [ERROR] ConditionMgr:805 - Attr not supported : Dmpu
2024-07-13 21:46:14,769 [ERROR] ConditionMgr:805 - Attr not supported : Dmpu
2024-07-13 21:46:14,770 [ERROR] ConditionMgr:805 - Attr not supported : Dmpu
2024-07-13 21:46:14,770 [ERROR] ConditionMgr:805 - Attr not supported : Dmpu
2024-07-13 21:46:14,770 [ERROR] ConditionMgr:805 - Attr not supported : Dmpu
2024-07-13 21:46:14,770 [ERROR] ConditionMgr:805 - Attr not supported : Dmpu
2024-07-13 21:46:14,771 [ERROR] ConditionMgr:805 - Attr not supported : Dmpu
2024-07-13 21:46:14,771 [ERROR] ConditionMgr:805 - Attr not supported : Dmpu
2024-07-13 21:46:14,771 [ERROR] ConditionMgr:805 - Attr not supported : Dmpu
2024-07-13 21:46:14,819 [WARN] PackLoader:240 - Cannot read IP mode file for STMicroelectronics.X-CUBE-BLEMGR.3.0.0
2024-07-13 21:46:14,862 [WARN] PackLoader:240 - Cannot read IP mode file for RealThread.X-CUBE-RT-Thread_Nano.4.1.1
2024-07-13 21:46:14,892 [WARN] PackLoader:240 - Cannot read IP mode file for STMicroelectronics.FP-ATR-SIGFOX1.3.2.0
2024-07-13 21:46:14,926 [WARN] PackLoader:240 - Cannot read IP mode file for STMicroelectronics.X-CUBE-EEPRMA1.5.1.0
2024-07-13 21:46:15,018 [WARN] PackLoader:240 - Cannot read IP mode file for SEGGER.I-CUBE-embOS.1.3.1
2024-07-13 21:46:15,175 [WARN] PackLoader:240 - Cannot read IP mode file for STMicroelectronics.X-CUBE-ALGOBUILD.1.4.0
2024-07-13 21:46:15,218 [WARN] PackLoader:240 - Cannot read IP mode file for STMicroelectronics.X-CUBE-GNSS1.6.0.0
2024-07-13 21:46:15,300 [WARN] PackLoader:240 - Cannot read IP mode file for STMicroelectronics.X-CUBE-AZRTOS-F4.1.1.0
2024-07-13 21:46:15,341 [WARN] PackLoader:240 - Cannot read IP mode file for wolfSSL.I-CUBE-wolfSSL.5.6.4
2024-07-13 21:46:15,374 [WARN] PackLoader:240 - Cannot read IP mode file for STMicroelectronics.X-CUBE-FREERTOS.1.2.0
2024-07-13 21:46:15,450 [WARN] PackLoader:240 - Cannot read IP mode file for STMicroelectronics.X-CUBE-AZRTOS-L5.2.0.0
2024-07-13 21:46:15,495 [WARN] PackLoader:240 - Cannot read IP mode file for STMicroelectronics.X-CUBE-EEPRMA1.4.2.0
2024-07-13 21:46:15,546 [WARN] PackLoader:240 - Cannot read IP mode file for STMicroelectronics.X-CUBE-NFC6.3.1.0
2024-07-13 21:46:15,590 [WARN] PackLoader:240 - Cannot read IP mode file for ITTIA_DB.I-CUBE-ITTIADB.8.8.0
2024-07-13 21:46:15,634 [WARN] PackLoader:240 - Cannot read IP mode file for STMicroelectronics.X-CUBE-DPower.1.2.0
2024-07-13 21:46:15,672 [WARN] PackLoader:240 - Cannot read IP mode file for STMicroelectronics.X-CUBE-AI.9.0.0
2024-07-13 21:46:15,755 [WARN] ConditionMgr:438 - getConditionDescription Invalid condition id : UX DEVICE CLASS RTOS Condition cause : null
2024-07-13 21:46:15,755 [WARN] ConditionMgr:438 - getConditionDescription Invalid condition id : UX DEVICE CLASS RTOS Condition cause : null
2024-07-13 21:46:15,763 [WARN] PackLoader:240 - Cannot read IP mode file for STMicroelectronics.X-CUBE-AZRTOS-H7.3.1.0
2024-07-13 21:46:15,765 [WARN] ConditionMgr:1039 - genDependencies : Invalid condition id : UX DEVICE CLASS RTOS Condition cause : null
2024-07-13 21:46:15,765 [WARN] ConditionMgr:1039 - genDependencies : Invalid condition id : UX DEVICE CLASS RTOS Condition cause : null
2024-07-13 21:46:15,767 [WARN] ConditionMgr:1039 - genDependencies : Invalid condition id : UX DEVICE CLASS RTOS Condition cause : null
2024-07-13 21:46:15,767 [WARN] ConditionMgr:1039 - genDependencies : Invalid condition id : UX DEVICE CLASS RTOS Condition cause : null
2024-07-13 21:46:15,768 [WARN] ConditionMgr:1039 - genDependencies : Invalid condition id : UX DEVICE CLASS RTOS Condition cause : null
2024-07-13 21:46:15,809 [WARN] PackLoader:240 - Cannot read IP mode file for STMicroelectronics.X-CUBE-NFC7.1.0.1
2024-07-13 21:46:15,849 [WARN] PackLoader:240 - Cannot read IP mode file for wolfSSL.I-CUBE-wolfTPM.3.2.0
2024-07-13 21:46:15,890 [WARN] PackLoader:240 - Cannot read IP mode file for STMicroelectronics.X-CUBE-NFC6.3.0.0
2024-07-13 21:46:15,929 [WARN] PackLoader:240 - Cannot read IP mode file for STMicroelectronics.X-CUBE-AI.8.1.0
2024-07-13 21:46:16,011 [WARN] ConditionMgr:438 - getConditionDescription Invalid condition id : LAN8742 Phy interface Condition cause : null
2024-07-13 21:46:16,014 [WARN] PackLoader:240 - Cannot read IP mode file for STMicroelectronics.X-CUBE-AZRTOS-L4.2.0.0
2024-07-13 21:46:16,017 [WARN] ConditionMgr:1039 - genDependencies : Invalid condition id : LAN8742 Phy interface Condition cause : null
2024-07-13 21:46:16,017 [WARN] ConditionMgr:1039 - genDependencies : Invalid condition id : LAN8742 Phy interface Condition cause : null
2024-07-13 21:46:16,019 [WARN] ConditionMgr:1039 - genDependencies : Invalid condition id : LAN8742 Phy interface Condition cause : null
2024-07-13 21:46:16,054 [WARN] PackLoader:240 - Cannot read IP mode file for STMicroelectronics.X-CUBE-SFXS2LP1.4.0.0
2024-07-13 21:46:16,082 [WARN] PackLoader:240 - Cannot read IP mode file for STMicroelectronics.X-CUBE-ISPU.1.1.0
2024-07-13 21:46:16,136 [WARN] ConditionMgr:438 - getConditionDescription Invalid condition id : UX DEVICE CLASS RTOS Condition cause : null
2024-07-13 21:46:16,136 [WARN] ConditionMgr:438 - getConditionDescription Invalid condition id : UX DEVICE CLASS RTOS Condition cause : null
2024-07-13 21:46:16,141 [WARN] PackLoader:240 - Cannot read IP mode file for STMicroelectronics.X-CUBE-AZRTOS-WB.2.0.0
2024-07-13 21:46:16,142 [WARN] ConditionMgr:1039 - genDependencies : Invalid condition id : UX DEVICE CLASS RTOS Condition cause : null
2024-07-13 21:46:16,142 [WARN] ConditionMgr:1039 - genDependencies : Invalid condition id : UX DEVICE CLASS RTOS Condition cause : null
2024-07-13 21:46:16,143 [WARN] ConditionMgr:1039 - genDependencies : Invalid condition id : UX DEVICE CLASS RTOS Condition cause : null
2024-07-13 21:46:16,144 [WARN] ConditionMgr:1039 - genDependencies : Invalid condition id : UX DEVICE CLASS RTOS Condition cause : null
2024-07-13 21:46:16,144 [WARN] ConditionMgr:1039 - genDependencies : Invalid condition id : UX DEVICE CLASS RTOS Condition cause : null
2024-07-13 21:46:16,187 [WARN] PackLoader:240 - Cannot read IP mode file for STMicroelectronics.X-CUBE-SUBG2.5.0.0
2024-07-13 21:46:16,224 [WARN] PackLoader:240 - Cannot read IP mode file for Cesanta.I-CUBE-Mongoose.7.13.0
2024-07-13 21:46:16,269 [WARN] PackLoader:240 - Cannot read IP mode file for STMicroelectronics.X-CUBE-TOF1.3.3.1
2024-07-13 21:46:16,347 [WARN] PackLoader:240 - Cannot read IP mode file for STMicroelectronics.X-CUBE-AZRTOS-G4.2.0.0
2024-07-13 21:46:16,406 [WARN] PackLoader:240 - Cannot read IP mode file for Infineon.AIROC-Wi-Fi-Bluetooth-STM32.1.5.1
2024-07-13 21:46:16,439 [WARN] PackLoader:240 - Cannot read IP mode file for STMicroelectronics.FP-SNS-MOTENVWB1.1.3.0
2024-07-13 21:46:16,466 [WARN] PackLoader:240 - Cannot read IP mode file for STMicroelectronics.FP-SNS-MOTENVWB1.1.3.1
2024-07-13 21:46:16,494 [WARN] PackLoader:240 - Cannot read IP mode file for STMicroelectronics.X-CUBE-ISPU.2.0.0
2024-07-13 21:46:16,523 [WARN] PackLoader:240 - Cannot read IP mode file for STMicroelectronics.X-CUBE-ALS.1.0.2
2024-07-13 21:46:16,634 [WARN] PackLoader:240 - Cannot read IP mode file for STMicroelectronics.X-CUBE-MEMS1.10.0.0
2024-07-13 21:46:16,868 [WARN] PackLoader:240 - Cannot read IP mode file for STMicroelectronics.X-CUBE-FREERTOS.1.1.0
2024-07-13 21:46:16,894 [WARN] PackLoader:240 - Cannot read IP mode file for STMicroelectronics.X-CUBE-TOUCHGFX.4.24.0
2024-07-13 21:46:16,925 [WARN] PackLoader:240 - Cannot read IP mode file for portGmbH.I-Cube-SoM-uGOAL.1.1.0
2024-07-13 21:46:16,949 [WARN] PackLoader:240 - Cannot read IP mode file for STMicroelectronics.X-CUBE-ALS.1.0.1
2024-07-13 21:46:17,016 [WARN] PackLoader:240 - Cannot read IP mode file for STMicroelectronics.X-CUBE-AZRTOS-H7RS.1.0.0
2024-07-13 21:46:17,045 [WARN] PackLoader:240 - Cannot read IP mode file for STMicroelectronics.FP-ATR-ASTRA1.2.0.0
2024-07-13 21:46:17,086 [WARN] PackLoader:240 - Cannot read IP mode file for STMicroelectronics.X-CUBE-TOF1.3.4.0
2024-07-13 21:46:17,146 [WARN] PackLoader:240 - Cannot read IP mode file for STMicroelectronics.X-CUBE-TOF1.3.4.1
2024-07-13 21:46:17,234 [WARN] PackLoader:240 - Cannot read IP mode file for STMicroelectronics.X-CUBE-AZRTOS-H7.3.2.0
2024-07-13 21:46:17,276 [WARN] PackLoader:240 - Cannot read IP mode file for wolfSSL.I-CUBE-wolfSSH.1.4.17
2024-07-13 21:46:17,278 [INFO] ThirdParty:978 - Integrity check success = true
2024-07-13 21:46:17,278 [INFO] IntegrityCheckThread:100 - exiting critical section [integrity check]
2024-07-13 21:46:17,278 [INFO] IntegrityCheckThread:103 - End integrity checks thread
