2024-07-05 12:00:56,174 [INFO] WebApp:189 - Connection lost
2024-07-05 12:01:17,107 [INFO] WebApp:186 - Connection restablished
2024-07-05 14:40:00,195 [INFO] UtilMem:75 - End SaveConfig() Used Memory: 391809368 Bytes (822083584)
2024-07-05 14:40:01,435 [INFO] UtilMem:75 - End SaveConfig() Used Memory: 405440856 Bytes (822083584)
2024-07-05 14:40:05,875 [INFO] UtilMem:75 - End SaveConfig() Used Memory: 572686680 Bytes (822083584)
2024-07-05 14:40:06,156 [INFO] BlockDiagram:2766 - set Specific Code input for plugin: NVIC
2024-07-05 14:40:06,156 [INFO] BlockDiagram:2766 - set Specific Code input for plugin: USART
2024-07-05 14:40:06,156 [INFO] BlockDiagram:2766 - set Specific Code input for plugin: DMA
2024-07-05 14:40:06,157 [INFO] BlockDiagram:2766 - set Specific Code input for plugin: SYS
2024-07-05 14:40:06,157 [INFO] BlockDiagram:2766 - set Specific Code input for plugin: GPIO
2024-07-05 14:40:06,157 [INFO] BlockDiagram:2766 - set Specific Code input for plugin: ADC
2024-07-05 14:40:06,157 [INFO] BlockDiagram:2766 - set Specific Code input for plugin: CAN
2024-07-05 14:40:06,157 [INFO] BlockDiagram:2766 - set Specific Code input for plugin: RCC
2024-07-05 14:40:06,160 [INFO] CodeGenerator:807 - code generatio: config db path: C:\ST\STM32CubeIDE_1.16.0\STM32CubeIDE\plugins\com.st.stm32cube.common.mx_6.12.0.202406281431\\db\
2024-07-05 14:40:06,167 [INFO] Argument:325 - Argument : hdmavalue: null
2024-07-05 14:40:06,167 [INFO] Argument:327 - 	 sub Args: 
2024-07-05 14:40:06,168 [INFO] Argument:325 - Argument : Instancevalue: DMA1_Channel1
2024-07-05 14:40:06,168 [INFO] Argument:335 - Argument : Instancevalue: DMA1_Channel1
2024-07-05 14:40:06,168 [INFO] Argument:325 - Argument : Initvalue: null
2024-07-05 14:40:06,168 [INFO] Argument:327 - 	 sub Args: 
2024-07-05 14:40:06,168 [INFO] Argument:325 - Argument : Directionvalue: DMA_PERIPH_TO_MEMORY
2024-07-05 14:40:06,168 [INFO] Argument:335 - Argument : Directionvalue: DMA_PERIPH_TO_MEMORY
2024-07-05 14:40:06,168 [INFO] Argument:325 - Argument : PeriphIncvalue: DMA_PINC_DISABLE
2024-07-05 14:40:06,168 [INFO] Argument:335 - Argument : PeriphIncvalue: DMA_PINC_DISABLE
2024-07-05 14:40:06,168 [INFO] Argument:325 - Argument : MemIncvalue: DMA_MINC_ENABLE
2024-07-05 14:40:06,168 [INFO] Argument:335 - Argument : MemIncvalue: DMA_MINC_ENABLE
2024-07-05 14:40:06,168 [INFO] Argument:325 - Argument : PeriphDataAlignmentvalue: DMA_PDATAALIGN_HALFWORD
2024-07-05 14:40:06,168 [INFO] Argument:335 - Argument : PeriphDataAlignmentvalue: DMA_PDATAALIGN_HALFWORD
2024-07-05 14:40:06,168 [INFO] Argument:325 - Argument : MemDataAlignmentvalue: DMA_MDATAALIGN_HALFWORD
2024-07-05 14:40:06,168 [INFO] Argument:335 - Argument : MemDataAlignmentvalue: DMA_MDATAALIGN_HALFWORD
2024-07-05 14:40:06,168 [INFO] Argument:325 - Argument : Modevalue: DMA_CIRCULAR
2024-07-05 14:40:06,168 [INFO] Argument:335 - Argument : Modevalue: DMA_CIRCULAR
2024-07-05 14:40:06,168 [INFO] Argument:325 - Argument : Priorityvalue: DMA_PRIORITY_LOW
2024-07-05 14:40:06,168 [INFO] Argument:335 - Argument : Priorityvalue: DMA_PRIORITY_LOW
2024-07-05 14:40:06,168 [INFO] Argument:325 - Argument : Lockvalue: null
2024-07-05 14:40:06,169 [INFO] Argument:335 - Argument : Lockvalue: null
2024-07-05 14:40:06,170 [INFO] Argument:325 - Argument : Statevalue: null
2024-07-05 14:40:06,170 [INFO] Argument:335 - Argument : Statevalue: null
2024-07-05 14:40:06,170 [INFO] Argument:325 - Argument : Parentvalue: null
2024-07-05 14:40:06,170 [INFO] Argument:335 - Argument : Parentvalue: null
2024-07-05 14:40:06,170 [INFO] Argument:325 - Argument : XferCpltCallbackvalue: null
2024-07-05 14:40:06,170 [INFO] Argument:335 - Argument : XferCpltCallbackvalue: null
2024-07-05 14:40:06,170 [INFO] Argument:325 - Argument : XferHalfCpltCallbackvalue: null
2024-07-05 14:40:06,170 [INFO] Argument:335 - Argument : XferHalfCpltCallbackvalue: null
2024-07-05 14:40:06,170 [INFO] Argument:325 - Argument : XferErrorCallbackvalue: null
2024-07-05 14:40:06,170 [INFO] Argument:335 - Argument : XferErrorCallbackvalue: null
2024-07-05 14:40:06,170 [INFO] Argument:325 - Argument : ErrorCodevalue: null
2024-07-05 14:40:06,170 [INFO] Argument:335 - Argument : ErrorCodevalue: null
2024-07-05 14:40:06,170 [INFO] Argument:325 - Argument : DMA_Remapvalue: null
2024-07-05 14:40:06,170 [INFO] Argument:335 - Argument : DMA_Remapvalue: null
2024-07-05 14:40:06,429 [INFO] CodeEngine:255 - oldGeneratedFile, C:\Users\15149\Coding-Projects\Sunstang\VCU_STM32_2024\Testing\MXTmpFiles\license.tmp_save
2024-07-05 14:40:06,571 [INFO] CodeEngine:279 - Generated code: C:\Users\15149\Coding-Projects\Sunstang\VCU_STM32_2024\Testing\MXTmpFiles\license.tmp
2024-07-05 14:40:06,749 [INFO] CodeEngine:255 - oldGeneratedFile, C:\Users\15149\Coding-Projects\Sunstang\VCU_STM32_2024\Testing\MXTmpFiles\gpio.tmp_save
2024-07-05 14:40:07,002 [INFO] CodeEngine:279 - Generated code: C:\Users\15149\Coding-Projects\Sunstang\VCU_STM32_2024\Testing\MXTmpFiles\gpio.tmp
2024-07-05 14:40:07,448 [INFO] CodeEngine:255 - oldGeneratedFile, C:\Users\15149\Coding-Projects\Sunstang\VCU_STM32_2024\Testing\MXTmpFiles\dma.tmp_save
2024-07-05 14:40:07,537 [INFO] CodeEngine:279 - Generated code: C:\Users\15149\Coding-Projects\Sunstang\VCU_STM32_2024\Testing\MXTmpFiles\dma.tmp
2024-07-05 14:40:07,548 [INFO] CodeEngine:255 - oldGeneratedFile, C:\Users\15149\Coding-Projects\Sunstang\VCU_STM32_2024\Testing\MXTmpFiles\dma_GV.tmp_save
2024-07-05 14:40:07,607 [INFO] CodeEngine:279 - Generated code: C:\Users\15149\Coding-Projects\Sunstang\VCU_STM32_2024\Testing\MXTmpFiles\dma_GV.tmp
2024-07-05 14:40:07,649 [INFO] CodeEngine:255 - oldGeneratedFile, C:\Users\15149\Coding-Projects\Sunstang\VCU_STM32_2024\Testing\Core\Src\stm32f3xx_it.c_save
2024-07-05 14:40:07,850 [INFO] CodeEngine:279 - Generated code: C:\Users\15149\Coding-Projects\Sunstang\VCU_STM32_2024\Testing\Core\Src\stm32f3xx_it.c
2024-07-05 14:40:07,877 [INFO] CodeEngine:255 - oldGeneratedFile, C:\Users\15149\Coding-Projects\Sunstang\VCU_STM32_2024\Testing\Core\Inc\stm32f3xx_it.h_save
2024-07-05 14:40:07,973 [INFO] CodeEngine:279 - Generated code: C:\Users\15149\Coding-Projects\Sunstang\VCU_STM32_2024\Testing\Core\Inc\stm32f3xx_it.h
2024-07-05 14:40:08,013 [INFO] CodeEngine:255 - oldGeneratedFile, C:\Users\15149\Coding-Projects\Sunstang\VCU_STM32_2024\Testing\Core\Src\stm32f3xx_hal_msp.c_save
2024-07-05 14:40:08,164 [INFO] CodeEngine:279 - Generated code: C:\Users\15149\Coding-Projects\Sunstang\VCU_STM32_2024\Testing\Core\Src\stm32f3xx_hal_msp.c
2024-07-05 14:40:08,182 [INFO] CodeEngine:255 - oldGeneratedFile, C:\Users\15149\Coding-Projects\Sunstang\VCU_STM32_2024\Testing\MXTmpFiles\system.tmp_save
2024-07-05 14:40:08,245 [INFO] CodeEngine:279 - Generated code: C:\Users\15149\Coding-Projects\Sunstang\VCU_STM32_2024\Testing\MXTmpFiles\system.tmp
2024-07-05 14:40:08,280 [INFO] CodeEngine:311 - oldGeneratedFile, C:\Users\15149\Coding-Projects\Sunstang\VCU_STM32_2024\Testing\Core\Inc\stm32f3xx_hal_conf.h_save
2024-07-05 14:40:08,376 [INFO] CodeEngine:335 - Generated code: C:\Users\15149\Coding-Projects\Sunstang\VCU_STM32_2024\Testing\Core\Inc\stm32f3xx_hal_conf.h
2024-07-05 14:40:08,467 [INFO] CodeEngine:255 - oldGeneratedFile, C:\Users\15149\Coding-Projects\Sunstang\VCU_STM32_2024\Testing\Core\Inc\main.h_save
2024-07-05 14:40:08,581 [INFO] CodeEngine:279 - Generated code: C:\Users\15149\Coding-Projects\Sunstang\VCU_STM32_2024\Testing\Core\Inc\main.h
2024-07-05 14:40:08,614 [INFO] CodeEngine:255 - oldGeneratedFile, C:\Users\15149\Coding-Projects\Sunstang\VCU_STM32_2024\Testing\Core\Src\main.c_save
2024-07-05 14:40:08,777 [INFO] CodeEngine:279 - Generated code: C:\Users\15149\Coding-Projects\Sunstang\VCU_STM32_2024\Testing\Core\Src\main.c
2024-07-05 14:40:09,633 [INFO] ProjectBuilder:3249 - Time for Copy HAL[1] : 577mS.
2024-07-05 14:40:09,639 [INFO] ProjectBuilder:4828 - Project Generator version: 4.4.0-B60
2024-07-05 14:40:09,775 [INFO] ConfigFileManager:1531 - The Die is : DIE439
2024-07-05 14:40:12,403 [INFO] ProjectBuilder:5097 - Time for Generating toolchain IDE Files: 2764mS.
2024-07-05 14:40:12,405 [INFO] ProjectBuilder:3107 - Time for Copy CMSIS : 1mS.
2024-07-05 14:40:12,411 [INFO] ProjectBuilder:3107 - Time for Copy CMSIS : 0mS.
2024-07-05 22:50:14,987 [INFO] WebApp:189 - Connection lost
2024-07-05 22:50:23,702 [INFO] WebApp:186 - Connection restablished
