2024-07-27 15:58:44,073 [INFO] Activator:176 - 


2024-07-27 15:58:44,081 [INFO] Activator:177 - !SESSION log4j initialized
2024-07-27 15:58:53,073 [INFO] LogOutputStream:77 - [STDOUT_REDIRECT] 
2024-07-27 15:58:57,808 [INFO] ApplicationProperties:184 - Using Application install path: C:\ST\STM32CubeIDE_1.16.0\STM32CubeIDE\plugins\com.st.stm32cube.common.mx_6.12.0.202406281431
2024-07-27 15:58:57,835 [INFO] DbMcusXml:78 - Set database path to: C:\ST\STM32CubeIDE_1.16.0\STM32CubeIDE\plugins\com.st.stm32cube.common.mx_6.12.0.202406281431\\db\/mcu/
2024-07-27 15:58:57,835 [INFO] ApiDb:274 - Set plugin database path to: C:\ST\STM32CubeIDE_1.16.0\STM32CubeIDE\plugins\com.st.stm32cube.common.mx_6.12.0.202406281431\\db\/plugins/boardmanager/
2024-07-27 15:58:57,836 [WARN] ApiDb:259 - Overriding images path with different value:  => C:\ST\STM32CubeIDE_1.16.0\STM32CubeIDE\plugins\com.st.stm32cube.common.mx_6.12.0.202406281431\\db\/plugins/mcufinder/images/
2024-07-27 15:58:57,863 [INFO] ApiDb:250 - Set database path to: C:\Users\15149\.stmcufinder\plugins\mcufinder//mcu/
2024-07-27 15:58:57,864 [INFO] DbMcusAds:125 - Set database path to: C:\Users\15149\.stmcufinder\plugins\mcufinder//mcu/
2024-07-27 15:58:57,869 [INFO] CrossReferenceDbSqlite:203 - Set database path to: C:\Users\15149\.stmcufinder\plugins\mcufinder//mcu/cs/
2024-07-27 15:58:57,992 [INFO] RulesReader:64 - Compatibility file has been processed (297 Rules)
2024-07-27 15:58:58,109 [INFO] DbMcusXml:78 - Set database path to: C:\ST\STM32CubeIDE_1.16.0\STM32CubeIDE\plugins\com.st.stm32cube.common.mx_6.12.0.202406281431\\db\/mcu/
2024-07-27 15:58:58,109 [INFO] ApiDb:274 - Set plugin database path to: C:\ST\STM32CubeIDE_1.16.0\STM32CubeIDE\plugins\com.st.stm32cube.common.mx_6.12.0.202406281431\\db\/plugins/boardmanager/
2024-07-27 15:58:58,109 [INFO] ApiDb:261 - Set plugin images path to: C:\ST\STM32CubeIDE_1.16.0\STM32CubeIDE\plugins\com.st.stm32cube.common.mx_6.12.0.202406281431\\db\/plugins/mcufinder/images/
2024-07-27 15:58:58,109 [WARN] DbFile:41 - Overriding database path with different value: C:\Users\15149\.stmcufinder\plugins\mcufinder/ => C:\Users\15149\.stmcufinder\plugins\mcufinder
2024-07-27 15:58:58,109 [INFO] ApiDb:250 - Set database path to: C:\Users\15149\.stmcufinder\plugins\mcufinder//mcu/
2024-07-27 15:58:58,109 [WARN] DbFile:41 - Overriding database path with different value: C:\Users\15149\.stmcufinder\plugins\mcufinder/ => C:\Users\15149\.stmcufinder\plugins\mcufinder
2024-07-27 15:58:58,109 [INFO] DbMcusAds:125 - Set database path to: C:\Users\15149\.stmcufinder\plugins\mcufinder//mcu/
2024-07-27 15:58:58,109 [WARN] DbFile:41 - Overriding database path with different value: C:\Users\15149\.stmcufinder\plugins\mcufinder/ => C:\Users\15149\.stmcufinder\plugins\mcufinder
2024-07-27 15:58:58,109 [WARN] DbFile:41 - Overriding database path with different value: C:\Users\15149\.stmcufinder\plugins\mcufinder/ => C:\Users\15149\.stmcufinder\plugins\mcufinder
2024-07-27 15:58:58,109 [INFO] CrossReferenceDbSqlite:203 - Set database path to: C:\Users\15149\.stmcufinder\plugins\mcufinder//mcu/cs/
2024-07-27 15:58:58,213 [INFO] MainPanel:268 - HeapMemory: 268435456
2024-07-27 15:58:58,387 [INFO] DbMcusXml:78 - Set database path to: C:\ST\STM32CubeIDE_1.16.0\STM32CubeIDE\plugins\com.st.stm32cube.common.mx_6.12.0.202406281431\\db\/mcu/
2024-07-27 15:58:58,388 [INFO] ApiDb:274 - Set plugin database path to: C:\ST\STM32CubeIDE_1.16.0\STM32CubeIDE\plugins\com.st.stm32cube.common.mx_6.12.0.202406281431\\db\/plugins/boardmanager/
2024-07-27 15:58:58,388 [INFO] ApiDb:261 - Set plugin images path to: C:\ST\STM32CubeIDE_1.16.0\STM32CubeIDE\plugins\com.st.stm32cube.common.mx_6.12.0.202406281431\\db\/plugins/mcufinder/images/
2024-07-27 15:58:58,388 [WARN] DbFile:41 - Overriding database path with different value: C:\Users\15149\.stmcufinder\plugins\mcufinder/ => C:\Users\15149\.stmcufinder\plugins\mcufinder
2024-07-27 15:58:58,388 [INFO] ApiDb:250 - Set database path to: C:\Users\15149\.stmcufinder\plugins\mcufinder//mcu/
2024-07-27 15:58:58,388 [WARN] DbFile:41 - Overriding database path with different value: C:\Users\15149\.stmcufinder\plugins\mcufinder/ => C:\Users\15149\.stmcufinder\plugins\mcufinder
2024-07-27 15:58:58,388 [INFO] DbMcusAds:125 - Set database path to: C:\Users\15149\.stmcufinder\plugins\mcufinder//mcu/
2024-07-27 15:58:58,388 [WARN] DbFile:41 - Overriding database path with different value: C:\Users\15149\.stmcufinder\plugins\mcufinder/ => C:\Users\15149\.stmcufinder\plugins\mcufinder
2024-07-27 15:58:58,388 [WARN] DbFile:41 - Overriding database path with different value: C:\Users\15149\.stmcufinder\plugins\mcufinder/ => C:\Users\15149\.stmcufinder\plugins\mcufinder
2024-07-27 15:58:58,388 [INFO] CrossReferenceDbSqlite:203 - Set database path to: C:\Users\15149\.stmcufinder\plugins\mcufinder//mcu/cs/
2024-07-27 15:58:58,417 [INFO] ApplicationProperties:184 - Using Application install path: C:\ST\STM32CubeIDE_1.16.0\STM32CubeIDE\plugins\com.st.stm32cube.common.mx_6.12.0.202406281431
2024-07-27 15:58:58,418 [INFO] PluginManage:196 - Search for loadable plugins [exclusion list=, ]
2024-07-27 15:58:58,421 [INFO] PluginManage:310 - Check plugin analytics
2024-07-27 15:58:58,670 [INFO] AnalyticsPlugin:253 - Accepted Software Licenses: STM32CubeMX.6.9.2
2024-07-27 15:58:58,670 [INFO] AnalyticsPlugin:255 - Accepted CMSIS Pack Licenses: 
2024-07-27 15:58:58,670 [INFO] AnalyticsPlugin:257 - Accepted Firmware Licenses: FW.F4.1.27.0
2024-07-27 15:58:58,672 [INFO] PluginManage:359 - Loaded plugin analytics (category:tool,tabindex:-1)
2024-07-27 15:58:58,672 [INFO] PluginManage:310 - Check plugin cadmodel
2024-07-27 15:58:58,691 [INFO] CADModel:105 - Init CAD model plugin
2024-07-27 15:58:58,692 [INFO] PluginManage:359 - Loaded plugin cadmodel (category:power,tabindex:5)
2024-07-27 15:58:58,692 [INFO] PluginManage:310 - Check plugin clock
2024-07-27 15:58:58,718 [INFO] PluginManage:359 - Loaded plugin clock (category:base,tabindex:2)
2024-07-27 15:58:58,718 [INFO] PluginManage:310 - Check plugin ddr
2024-07-27 15:58:58,722 [INFO] PluginManage:359 - Loaded plugin ddr (category:tool,tabindex:6)
2024-07-27 15:58:58,723 [INFO] PluginManage:310 - Check plugin filemanager
2024-07-27 15:58:58,898 [INFO] PluginManage:359 - Loaded plugin filemanager (category:base,tabindex:10)
2024-07-27 15:58:58,898 [INFO] PluginManage:310 - Check plugin ipmanager
2024-07-27 15:58:58,907 [INFO] PluginManage:359 - Loaded plugin ipmanager (category:base,tabindex:5)
2024-07-27 15:58:58,907 [INFO] PluginManage:310 - Check plugin lpbam
2024-07-27 15:58:58,928 [INFO] PluginManage:359 - Loaded plugin lpbam (category:base,tabindex:0)
2024-07-27 15:58:58,928 [INFO] PluginManage:310 - Check plugin memorymap
2024-07-27 15:58:58,962 [INFO] PluginManage:359 - Loaded plugin memorymap (category:base,tabindex:4)
2024-07-27 15:58:58,962 [INFO] PluginManage:310 - Check plugin pinoutandconfiguration
2024-07-27 15:58:58,982 [INFO] PluginManage:359 - Loaded plugin pinoutandconfiguration (category:base,tabindex:1)
2024-07-27 15:58:58,982 [INFO] PluginManage:310 - Check plugin pinoutconfig
2024-07-27 15:58:59,091 [WARN] SupportedApi:132 - Cannot load RTOS API schema: s4s-elt-must-match.1: The content of 'definitions' must match (annotation?, (simpleType | complexType)?, (unique | key | keyref)*)). A problem was found starting at: attribute.
2024-07-27 15:58:59,263 [INFO] PluginManage:359 - Loaded plugin pinoutconfig (category:base,tabindex:0)
2024-07-27 15:58:59,264 [INFO] PluginManage:310 - Check plugin power
2024-07-27 15:58:59,295 [INFO] PluginManage:359 - Loaded plugin power (category:power,tabindex:4)
2024-07-27 15:58:59,295 [INFO] PluginManage:310 - Check plugin projectmanager
2024-07-27 15:58:59,318 [INFO] PluginManage:359 - Loaded plugin projectmanager (category:projectmanager,tabindex:4)
2024-07-27 15:58:59,318 [INFO] PluginManage:310 - Check plugin rif
2024-07-27 15:58:59,340 [INFO] PluginManage:359 - Loaded plugin rif (category:base,tabindex:3)
2024-07-27 15:58:59,340 [INFO] PluginManage:310 - Check plugin thirdparty
2024-07-27 15:58:59,695 [INFO] PluginManage:359 - Loaded plugin thirdparty (category:base,tabindex:-1)
2024-07-27 15:58:59,695 [WARN] IntegrityCheckThread:84 - waiting for thirdparty lock release [integrity check]
2024-07-27 15:58:59,695 [INFO] IntegrityCheckThread:86 - entering critical section [integrity check]
2024-07-27 15:58:59,695 [INFO] PluginManage:310 - Check plugin tools
2024-07-27 15:58:59,695 [INFO] ThirdPartyUpdaterWithRetryManager:70 - Updater plugin not ready yet. [1/15]
2024-07-27 15:58:59,735 [INFO] PluginManage:359 - Loaded plugin tools (category:base,tabindex:7)
2024-07-27 15:58:59,735 [INFO] PluginManage:310 - Check plugin tutovideos
2024-07-27 15:59:00,033 [INFO] PluginManage:359 - Loaded plugin tutovideos (category:base,tabindex:-1)
2024-07-27 15:59:00,033 [INFO] PluginManage:310 - Check plugin updater
2024-07-27 15:59:00,055 [INFO] PluginManage:359 - Loaded plugin updater (category:base,tabindex:12)
2024-07-27 15:59:00,055 [INFO] PluginManage:310 - Check plugin userauth
2024-07-27 15:59:00,065 [INFO] UserAuth:113 - Init User Auth plugin
2024-07-27 15:59:00,065 [INFO] PluginManage:359 - Loaded plugin userauth (category:base,tabindex:14)
2024-07-27 15:59:00,065 [INFO] PluginManage:283 - PluginManage : Loaded plugins [18]
2024-07-27 15:59:00,342 [INFO] PinOutPanel:1561 - setPackage(No Configuration,No Configuration)
2024-07-27 15:59:00,457 [INFO] CADModel:165 - CPN selected for project level
2024-07-27 15:59:00,458 [INFO] CADModel:114 - Register for checkConnection events
2024-07-27 15:59:00,495 [INFO] IPUIPlugin:80 - create IPUIPlugin
2024-07-27 15:59:00,495 [INFO] PluginManager:220 - loadIPPluginJar : add adc
2024-07-27 15:59:00,533 [INFO] IPUIPlugin:80 - create IPUIPlugin
2024-07-27 15:59:00,533 [INFO] PluginManager:220 - loadIPPluginJar : add aes
2024-07-27 15:59:00,579 [INFO] IPUIPlugin:80 - create IPUIPlugin
2024-07-27 15:59:00,579 [INFO] PluginManager:220 - loadIPPluginJar : add can
2024-07-27 15:59:00,605 [INFO] IPUIPlugin:80 - create IPUIPlugin
2024-07-27 15:59:00,605 [INFO] PluginManager:220 - loadIPPluginJar : add comp
2024-07-27 15:59:00,643 [INFO] IPUIPlugin:80 - create IPUIPlugin
2024-07-27 15:59:00,643 [INFO] PluginManager:220 - loadIPPluginJar : add cryp
2024-07-27 15:59:00,657 [INFO] IPUIPlugin:80 - create IPUIPlugin
2024-07-27 15:59:00,658 [INFO] PluginManager:220 - loadIPPluginJar : add ddr_ctrl_phy
2024-07-27 15:59:00,689 [INFO] IPUIPlugin:80 - create IPUIPlugin
2024-07-27 15:59:00,689 [INFO] PluginManager:220 - loadIPPluginJar : add dfsdm
2024-07-27 15:59:00,704 [INFO] IPUIPlugin:80 - create IPUIPlugin
2024-07-27 15:59:00,705 [INFO] PluginManager:220 - loadIPPluginJar : add dma
2024-07-27 15:59:00,753 [INFO] IPUIPlugin:80 - create IPUIPlugin
2024-07-27 15:59:00,754 [INFO] PluginManager:220 - loadIPPluginJar : add dma3
2024-07-27 15:59:00,803 [INFO] IPUIPlugin:80 - create IPUIPlugin
2024-07-27 15:59:00,803 [INFO] PluginManager:220 - loadIPPluginJar : add extmemmanager
2024-07-27 15:59:00,826 [INFO] IPUIPlugin:80 - create IPUIPlugin
2024-07-27 15:59:00,826 [INFO] PluginManager:220 - loadIPPluginJar : add fatfs
2024-07-27 15:59:00,869 [INFO] IPUIPlugin:80 - create IPUIPlugin
2024-07-27 15:59:00,869 [INFO] PluginManager:220 - loadIPPluginJar : add fmc
2024-07-27 15:59:00,886 [INFO] IPUIPlugin:80 - create IPUIPlugin
2024-07-27 15:59:00,887 [INFO] PluginManager:220 - loadIPPluginJar : add freertos
2024-07-27 15:59:00,907 [INFO] IPUIPlugin:80 - create IPUIPlugin
2024-07-27 15:59:00,907 [INFO] PluginManager:220 - loadIPPluginJar : add genericplugin
2024-07-27 15:59:01,004 [INFO] IPUIPlugin:80 - create IPUIPlugin
2024-07-27 15:59:01,004 [INFO] PluginManager:220 - loadIPPluginJar : add gfxmmu
2024-07-27 15:59:01,134 [INFO] IPUIPlugin:80 - create IPUIPlugin
2024-07-27 15:59:01,134 [INFO] PluginManager:220 - loadIPPluginJar : add gic
2024-07-27 15:59:01,151 [INFO] IPUIPlugin:80 - create IPUIPlugin
2024-07-27 15:59:01,152 [INFO] PluginManager:220 - loadIPPluginJar : add gpio
2024-07-27 15:59:01,251 [INFO] IPUIPlugin:80 - create IPUIPlugin
2024-07-27 15:59:01,251 [INFO] PluginManager:220 - loadIPPluginJar : add gtzc
2024-07-27 15:59:01,287 [INFO] IPUIPlugin:80 - create IPUIPlugin
2024-07-27 15:59:01,287 [INFO] PluginManager:220 - loadIPPluginJar : add hash
2024-07-27 15:59:01,342 [INFO] IPUIPlugin:80 - create IPUIPlugin
2024-07-27 15:59:01,342 [INFO] PluginManager:220 - loadIPPluginJar : add i2c
2024-07-27 15:59:01,380 [INFO] IPUIPlugin:80 - create IPUIPlugin
2024-07-27 15:59:01,380 [INFO] PluginManager:220 - loadIPPluginJar : add i2s
2024-07-27 15:59:01,426 [INFO] IPUIPlugin:80 - create IPUIPlugin
2024-07-27 15:59:01,426 [INFO] PluginManager:220 - loadIPPluginJar : add i3c
2024-07-27 15:59:01,530 [INFO] IPUIPlugin:80 - create IPUIPlugin
2024-07-27 15:59:01,530 [INFO] PluginManager:220 - loadIPPluginJar : add ipddr
2024-07-27 15:59:01,626 [INFO] IPUIPlugin:80 - create IPUIPlugin
2024-07-27 15:59:01,626 [INFO] PluginManager:220 - loadIPPluginJar : add linkedlist
2024-07-27 15:59:01,664 [INFO] IPUIPlugin:80 - create IPUIPlugin
2024-07-27 15:59:01,664 [INFO] PluginManager:220 - loadIPPluginJar : add lorawan
2024-07-27 15:59:01,701 [INFO] IPUIPlugin:80 - create IPUIPlugin
2024-07-27 15:59:01,701 [INFO] PluginManager:220 - loadIPPluginJar : add ltdc
2024-07-27 15:59:01,718 [INFO] IPUIPlugin:80 - create IPUIPlugin
2024-07-27 15:59:01,718 [INFO] PluginManager:220 - loadIPPluginJar : add mdma
2024-07-27 15:59:01,730 [INFO] IPUIPlugin:80 - create IPUIPlugin
2024-07-27 15:59:01,730 [INFO] PluginManager:220 - loadIPPluginJar : add nvic
2024-07-27 15:59:01,764 [INFO] IPUIPlugin:80 - create IPUIPlugin
2024-07-27 15:59:01,764 [INFO] PluginManager:220 - loadIPPluginJar : add opamp
2024-07-27 15:59:01,822 [INFO] IPUIPlugin:80 - create IPUIPlugin
2024-07-27 15:59:01,822 [INFO] PluginManager:220 - loadIPPluginJar : add openamp
2024-07-27 15:59:01,865 [INFO] IPUIPlugin:80 - create IPUIPlugin
2024-07-27 15:59:01,865 [INFO] PluginManager:220 - loadIPPluginJar : add pdm2pcm
2024-07-27 15:59:01,880 [INFO] IPUIPlugin:80 - create IPUIPlugin
2024-07-27 15:59:01,882 [INFO] PluginManager:220 - loadIPPluginJar : add plateformsettings
2024-07-27 15:59:01,904 [INFO] IPUIPlugin:80 - create IPUIPlugin
2024-07-27 15:59:01,904 [INFO] PluginManager:220 - loadIPPluginJar : add quadspi
2024-07-27 15:59:01,929 [INFO] IPUIPlugin:80 - create IPUIPlugin
2024-07-27 15:59:01,930 [INFO] PluginManager:220 - loadIPPluginJar : add radio
2024-07-27 15:59:01,946 [INFO] IPUIPlugin:80 - create IPUIPlugin
2024-07-27 15:59:01,946 [INFO] PluginManager:220 - loadIPPluginJar : add resmgrutility
2024-07-27 15:59:02,025 [INFO] IPUIPlugin:80 - create IPUIPlugin
2024-07-27 15:59:02,025 [INFO] PluginManager:220 - loadIPPluginJar : add sai
2024-07-27 15:59:02,065 [INFO] IPUIPlugin:80 - create IPUIPlugin
2024-07-27 15:59:02,065 [INFO] PluginManager:220 - loadIPPluginJar : add spi
2024-07-27 15:59:02,138 [INFO] IPUIPlugin:80 - create IPUIPlugin
2024-07-27 15:59:02,138 [INFO] PluginManager:220 - loadIPPluginJar : add stm32_wpan
2024-07-27 15:59:02,162 [INFO] IPUIPlugin:80 - create IPUIPlugin
2024-07-27 15:59:02,162 [INFO] PluginManager:220 - loadIPPluginJar : add tim
2024-07-27 15:59:02,223 [INFO] IPUIPlugin:80 - create IPUIPlugin
2024-07-27 15:59:02,224 [INFO] PluginManager:220 - loadIPPluginJar : add touchsensing
2024-07-27 15:59:02,247 [INFO] IPUIPlugin:80 - create IPUIPlugin
2024-07-27 15:59:02,247 [INFO] PluginManager:220 - loadIPPluginJar : add tracer_emb
2024-07-27 15:59:02,271 [INFO] IPUIPlugin:80 - create IPUIPlugin
2024-07-27 15:59:02,271 [INFO] PluginManager:220 - loadIPPluginJar : add ts
2024-07-27 15:59:02,294 [INFO] IPUIPlugin:80 - create IPUIPlugin
2024-07-27 15:59:02,294 [INFO] PluginManager:220 - loadIPPluginJar : add tsc
2024-07-27 15:59:02,318 [INFO] IPUIPlugin:80 - create IPUIPlugin
2024-07-27 15:59:02,318 [INFO] PluginManager:220 - loadIPPluginJar : add ucpd
2024-07-27 15:59:02,362 [INFO] IPUIPlugin:80 - create IPUIPlugin
2024-07-27 15:59:02,362 [INFO] PluginManager:220 - loadIPPluginJar : add usart
2024-07-27 15:59:02,404 [INFO] IPUIPlugin:80 - create IPUIPlugin
2024-07-27 15:59:02,404 [INFO] PluginManager:220 - loadIPPluginJar : add usbx
2024-07-27 15:59:02,532 [INFO] CADModel:165 - CPN selected for project level
2024-07-27 15:59:02,532 [INFO] CADModel:114 - Register for checkConnection events
2024-07-27 15:59:02,532 [FATAL] Updater:334 - Updater called before beeing initialized
2024-07-27 15:59:02,532 [ERROR] CADModel:125 - Updater not yet initialized, retry later 
2024-07-27 15:59:02,703 [INFO] ThirdPartyUpdaterWithRetryManager:70 - Updater plugin not ready yet. [2/15]
2024-07-27 15:59:02,753 [INFO] CADModel:165 - CPN selected for project level
2024-07-27 15:59:02,753 [INFO] CADModel:114 - Register for checkConnection events
2024-07-27 15:59:02,753 [FATAL] Updater:334 - Updater called before beeing initialized
2024-07-27 15:59:02,753 [ERROR] CADModel:125 - Updater not yet initialized, retry later 
2024-07-27 15:59:02,756 [FATAL] Updater:334 - Updater called before beeing initialized
2024-07-27 15:59:02,852 [FATAL] Updater:334 - Updater called before beeing initialized
2024-07-27 15:59:02,862 [INFO] DbMcusAds:53 - JSON generation date=Thu May 16 06:22:01 ADT 2024 (1715851321109)
2024-07-27 15:59:02,862 [FATAL] Updater:334 - Updater called before beeing initialized
2024-07-27 15:59:03,416 [WARN] DetailPanel:346 - Failed to get advertising image, set to default
2024-07-27 15:59:03,507 [FATAL] Updater:334 - Updater called before beeing initialized
2024-07-27 15:59:03,510 [FATAL] Updater:334 - Updater called before beeing initialized
2024-07-27 15:59:03,510 [FATAL] Updater:334 - Updater called before beeing initialized
2024-07-27 15:59:03,510 [WARN] DetailPanel:346 - Failed to get advertising image, set to default
2024-07-27 15:59:03,511 [FATAL] Updater:334 - Updater called before beeing initialized
2024-07-27 15:59:03,575 [ERROR] Updater:1164 - MainUpdater not yet initialized. External WinMGr cannot be set.
2024-07-27 15:59:03,587 [INFO] Updater:1100 - Updater Version found : 6.12.0
2024-07-27 15:59:03,615 [INFO] ApplicationProperties:184 - Using Application install path: C:\ST\STM32CubeIDE_1.16.0\STM32CubeIDE\plugins\com.st.stm32cube.common.mx_6.12.0.202406281431
2024-07-27 15:59:04,204 [INFO] MainUpdater:2873 - connection check result : 10
2024-07-27 15:59:04,204 [INFO] MainUpdater:3567 - Updater definition file requires update
2024-07-27 15:59:04,205 [INFO] MainUpdater:290 - Updater Check For Update Now.
2024-07-27 15:59:04,205 [INFO] MicroXplorer:498 - Change Database Version : DB.6.0.120
2024-07-27 15:59:04,220 [INFO] McuFinderGlobals:63 - Set McuFinder mode to 2 (CubeIDE integrated)
2024-07-27 15:59:04,226 [INFO] UserAuth:417 - Internet connection configuration mode: 1
2024-07-27 15:59:04,269 [INFO] JxBrowserEngine:152 - Initiate JxBrowser Engine with user profile folder
2024-07-27 15:59:04,324 [INFO] ServerAccessManage:473 - Download File updaters.zip
2024-07-27 15:59:04,425 [INFO] FileExtend:240 - Unzip File : updaters.zip
2024-07-27 15:59:04,425 [INFO] FileExtend:255 - Standard Zip Deflate
2024-07-27 15:59:05,293 [INFO] ServerAccessManage:473 - Download File PacksControlFlags.xml
2024-07-27 15:59:05,621 [INFO] ServerAccessManage:473 - Download File cubemx.pidx
2024-07-27 15:59:05,714 [WARN] MainUpdater:1194 - Updater busy. Cannot search thirdparties
2024-07-27 15:59:05,714 [INFO] ThirdPartyUpdaterWithRetryManager:96 - Updater plugin is busy. [1/15]
2024-07-27 15:59:06,024 [INFO] ServerAccessManage:473 - Download File STMicroelectronics.FP-SNS-STBOX1.pdsc
2024-07-27 15:59:06,931 [INFO] ServerAccessManage:473 - Download File STMicroelectronics.X-CUBE-TOF1.pdsc
2024-07-27 15:59:08,697 [ERROR] ServerAccessManage:1089 - Problem, file not found on Server
2024-07-27 15:59:08,724 [WARN] MainUpdater:1194 - Updater busy. Cannot search thirdparties
2024-07-27 15:59:08,724 [INFO] ThirdPartyUpdaterWithRetryManager:96 - Updater plugin is busy. [2/15]
2024-07-27 15:59:09,570 [INFO] WebApp:167 - Instantiating new browser for Auth
2024-07-27 15:59:09,917 [WARN] PackLoader:240 - Cannot read IP mode file for STMicroelectronics.FP-SNS-STBOX1.2.0.0
2024-07-27 15:59:09,953 [WARN] PackLoader:240 - Cannot read IP mode file for STMicroelectronics.X-CUBE-TOF1.3.4.2
2024-07-27 15:59:09,974 [INFO] PopulateThirdPartyThread:66 - Ending populate Thread
2024-07-27 15:59:09,975 [INFO] ThirdParty:1030 - CMSIS Pack Vendor :STMicroelectronics FP-SNS-STBOX1 2.0.0
2024-07-27 15:59:09,976 [INFO] ThirdParty:1030 - CMSIS Pack Vendor :STMicroelectronics X-CUBE-TOF1 3.4.2
2024-07-27 15:59:09,976 [INFO] LoadServerUpdatesThread:375 - End of LoadServerUpdate Thread
2024-07-27 15:59:10,054 [INFO] CheckServerUpdateThread:120 - End of CheckServer Thread
2024-07-27 15:59:10,717 [INFO] WebApp:448 - Apply proxy settings
2024-07-27 15:59:10,718 [INFO] WebApp:533 - Chromium requires no authentication
2024-07-27 15:59:10,759 [INFO] WebApp:476 - Direct internet connection detected
2024-07-27 15:59:10,795 [INFO] WebApp:869 - Register for checkConnection events
2024-07-27 15:59:10,795 [INFO] WebApp:448 - Apply proxy settings
2024-07-27 15:59:10,796 [INFO] WebApp:533 - Chromium requires no authentication
2024-07-27 15:59:10,796 [INFO] WebApp:476 - Direct internet connection detected
2024-07-27 15:59:11,041 [INFO] WebApp:186 - Connection restablished
2024-07-27 15:59:11,132 [INFO] WebApp:220 - Starting web application
2024-07-27 15:59:11,132 [INFO] WebApp:578 - Web application path used C:\ST\STM32CubeIDE_1.16.0\STM32CubeIDE\plugins\com.st.stm32cube.common.mx_6.12.0.202406281431\db\plugins\mcufinder\reactClient1\index.html
2024-07-27 15:59:11,373 [INFO] UserAuth:417 - Internet connection configuration mode: 1
2024-07-27 15:59:12,077 [WARN] PackLoader:240 - Cannot read IP mode file for STMicroelectronics.FP-SNS-MOTENVWB1.1.4.0
2024-07-27 15:59:12,093 [WARN] PackLoader:240 - Cannot read IP mode file for STMicroelectronics.X-CUBE-SMBUS.2.1.0
2024-07-27 15:59:12,110 [WARN] PackLoader:240 - Cannot read IP mode file for STMicroelectronics.X-CUBE-TOUCHGFX.4.23.0
2024-07-27 15:59:12,152 [WARN] PackLoader:240 - Cannot read IP mode file for STMicroelectronics.X-CUBE-AZRTOS-F7.1.1.0
2024-07-27 15:59:12,170 [WARN] PackLoader:240 - Cannot read IP mode file for STMicroelectronics.FP-SNS-MOTENV1.4.3.2
2024-07-27 15:59:12,176 [WARN] PackLoader:240 - Cannot read IP mode file for STMicroelectronics.FP-SNS-FLIGHT1.5.0.2
2024-07-27 15:59:12,193 [WARN] PackLoader:240 - Cannot read IP mode file for STMicroelectronics.X-CUBE-DISPLAY.3.0.0
2024-07-27 15:59:12,212 [WARN] PackLoader:240 - Cannot read IP mode file for STMicroelectronics.X-CUBE-BLE1.7.0.0
2024-07-27 15:59:12,226 [WARN] PackLoader:240 - Cannot read IP mode file for emotas.I-CUBE-CANOPEN.1.3.0
2024-07-27 15:59:12,238 [WARN] PackLoader:240 - Cannot read IP mode file for STMicroelectronics.X-CUBE-TOUCHGFX.4.22.1
2024-07-27 15:59:12,257 [WARN] PackLoader:240 - Cannot read IP mode file for STMicroelectronics.X-CUBE-BLEMGR.3.1.0
2024-07-27 15:59:12,274 [WARN] PackLoader:240 - Cannot read IP mode file for STMicroelectronics.FP-SNS-SMARTAG2.1.2.0
2024-07-27 15:59:12,305 [INFO] LogOutputStream:77 - [STDOUT_REDIRECT] 1 : Invalid condition id : UX_CORESTACK_Condition cause : null
2024-07-27 15:59:12,306 [INFO] LogOutputStream:77 - [STDOUT_REDIRECT] 1 : Invalid condition id : UX_CORESTACK_Condition cause : null
2024-07-27 15:59:12,308 [INFO] LogOutputStream:77 - [STDOUT_REDIRECT] 1 : Invalid condition id : UX_CORESTACK_Condition cause : null
2024-07-27 15:59:12,309 [INFO] LogOutputStream:77 - [STDOUT_REDIRECT] 1 : Invalid condition id : UX_CORESTACK_Condition cause : null
2024-07-27 15:59:12,310 [INFO] LogOutputStream:77 - [STDOUT_REDIRECT] 1 : Invalid condition id : UX_CORESTACK_Condition cause : null
2024-07-27 15:59:12,314 [WARN] PackLoader:240 - Cannot read IP mode file for STMicroelectronics.X-CUBE-AZRTOS-WL.2.0.0
2024-07-27 15:59:12,330 [WARN] PackLoader:240 - Cannot read IP mode file for STMicroelectronics.FP-SNS-MOTENV1.5.0.0
2024-07-27 15:59:12,339 [WARN] PackLoader:240 - Cannot read IP mode file for wolfSSL.I-CUBE-wolfMQTT.1.19.0
2024-07-27 15:59:12,354 [WARN] PackLoader:240 - Cannot read IP mode file for WES.I-CUBE-Cesium.1.3.0
2024-07-27 15:59:12,368 [WARN] PackLoader:240 - Cannot read IP mode file for STMicroelectronics.X-CUBE-BLE2.3.3.0
2024-07-27 15:59:12,385 [WARN] PackLoader:240 - Cannot read IP mode file for STMicroelectronics.X-CUBE-TCPP.4.1.0
2024-07-27 15:59:12,410 [WARN] PackLoader:240 - Cannot read IP mode file for STMicroelectronics.X-CUBE-ALGOBUILD.1.3.0
2024-07-27 15:59:12,444 [WARN] PackLoader:240 - Cannot read IP mode file for STMicroelectronics.X-CUBE-AZRTOS-G0.1.1.0
2024-07-27 15:59:12,469 [WARN] PackLoader:240 - Cannot read IP mode file for STMicroelectronics.X-CUBE-SAFEA1.1.2.2
2024-07-27 15:59:12,487 [WARN] PackLoader:240 - Cannot read IP mode file for STMicroelectronics.X-CUBE-NFC4.3.0.0
2024-07-27 15:59:12,514 [WARN] PackLoader:240 - Cannot read IP mode file for EmbeddedOffice.I-CUBE-FS-RTOS.1.0.1
2024-07-27 15:59:12,515 [ERROR] ConditionMgr:805 - Attr not supported : Dmpu
2024-07-27 15:59:12,515 [ERROR] ConditionMgr:805 - Attr not supported : Dmpu
2024-07-27 15:59:12,515 [ERROR] ConditionMgr:805 - Attr not supported : Dmpu
2024-07-27 15:59:12,515 [ERROR] ConditionMgr:805 - Attr not supported : Dmpu
2024-07-27 15:59:12,515 [ERROR] ConditionMgr:805 - Attr not supported : Dmpu
2024-07-27 15:59:12,515 [ERROR] ConditionMgr:805 - Attr not supported : Dmpu
2024-07-27 15:59:12,515 [ERROR] ConditionMgr:805 - Attr not supported : Dmpu
2024-07-27 15:59:12,515 [ERROR] ConditionMgr:805 - Attr not supported : Dmpu
2024-07-27 15:59:12,515 [ERROR] ConditionMgr:805 - Attr not supported : Dmpu
2024-07-27 15:59:12,516 [ERROR] ConditionMgr:805 - Attr not supported : Dmpu
2024-07-27 15:59:12,516 [ERROR] ConditionMgr:805 - Attr not supported : Dmpu
2024-07-27 15:59:12,516 [ERROR] ConditionMgr:805 - Attr not supported : Dmpu
2024-07-27 15:59:12,516 [ERROR] ConditionMgr:805 - Attr not supported : Dmpu
2024-07-27 15:59:12,516 [ERROR] ConditionMgr:805 - Attr not supported : Dmpu
2024-07-27 15:59:12,516 [ERROR] ConditionMgr:805 - Attr not supported : Dmpu
2024-07-27 15:59:12,516 [ERROR] ConditionMgr:805 - Attr not supported : Dmpu
2024-07-27 15:59:12,516 [ERROR] ConditionMgr:805 - Attr not supported : Dmpu
2024-07-27 15:59:12,516 [ERROR] ConditionMgr:805 - Attr not supported : Dmpu
2024-07-27 15:59:12,516 [ERROR] ConditionMgr:805 - Attr not supported : Dmpu
2024-07-27 15:59:12,516 [ERROR] ConditionMgr:805 - Attr not supported : Dmpu
2024-07-27 15:59:12,516 [ERROR] ConditionMgr:805 - Attr not supported : Dmpu
2024-07-27 15:59:12,516 [ERROR] ConditionMgr:805 - Attr not supported : Dmpu
2024-07-27 15:59:12,516 [ERROR] ConditionMgr:805 - Attr not supported : Dmpu
2024-07-27 15:59:12,517 [ERROR] ConditionMgr:805 - Attr not supported : Dmpu
2024-07-27 15:59:12,517 [ERROR] ConditionMgr:805 - Attr not supported : Dmpu
2024-07-27 15:59:12,517 [ERROR] ConditionMgr:805 - Attr not supported : Dmpu
2024-07-27 15:59:12,517 [ERROR] ConditionMgr:805 - Attr not supported : Dmpu
2024-07-27 15:59:12,517 [ERROR] ConditionMgr:805 - Attr not supported : Dmpu
2024-07-27 15:59:12,517 [ERROR] ConditionMgr:805 - Attr not supported : Dmpu
2024-07-27 15:59:12,517 [ERROR] ConditionMgr:805 - Attr not supported : Dmpu
2024-07-27 15:59:12,517 [ERROR] ConditionMgr:805 - Attr not supported : Dmpu
2024-07-27 15:59:12,517 [ERROR] ConditionMgr:805 - Attr not supported : Dmpu
2024-07-27 15:59:12,517 [ERROR] ConditionMgr:805 - Attr not supported : Dmpu
2024-07-27 15:59:12,518 [ERROR] ConditionMgr:805 - Attr not supported : Dmpu
2024-07-27 15:59:12,518 [ERROR] ConditionMgr:805 - Attr not supported : Dmpu
2024-07-27 15:59:12,518 [ERROR] ConditionMgr:805 - Attr not supported : Dmpu
2024-07-27 15:59:12,518 [ERROR] ConditionMgr:805 - Attr not supported : Dmpu
2024-07-27 15:59:12,518 [ERROR] ConditionMgr:805 - Attr not supported : Dmpu
2024-07-27 15:59:12,518 [ERROR] ConditionMgr:805 - Attr not supported : Dmpu
2024-07-27 15:59:12,518 [ERROR] ConditionMgr:805 - Attr not supported : Dmpu
2024-07-27 15:59:12,519 [ERROR] ConditionMgr:805 - Attr not supported : Dmpu
2024-07-27 15:59:12,519 [ERROR] ConditionMgr:805 - Attr not supported : Dmpu
2024-07-27 15:59:12,519 [ERROR] ConditionMgr:805 - Attr not supported : Dmpu
2024-07-27 15:59:12,519 [ERROR] ConditionMgr:805 - Attr not supported : Dmpu
2024-07-27 15:59:12,519 [ERROR] ConditionMgr:805 - Attr not supported : Dmpu
2024-07-27 15:59:12,519 [ERROR] ConditionMgr:805 - Attr not supported : Dmpu
2024-07-27 15:59:12,519 [ERROR] ConditionMgr:805 - Attr not supported : Dmpu
2024-07-27 15:59:12,519 [ERROR] ConditionMgr:805 - Attr not supported : Dmpu
2024-07-27 15:59:12,519 [ERROR] ConditionMgr:805 - Attr not supported : Dmpu
2024-07-27 15:59:12,519 [ERROR] ConditionMgr:805 - Attr not supported : Dmpu
2024-07-27 15:59:12,519 [ERROR] ConditionMgr:805 - Attr not supported : Dmpu
2024-07-27 15:59:12,519 [ERROR] ConditionMgr:805 - Attr not supported : Dmpu
2024-07-27 15:59:12,520 [ERROR] ConditionMgr:805 - Attr not supported : Dmpu
2024-07-27 15:59:12,520 [ERROR] ConditionMgr:805 - Attr not supported : Dmpu
2024-07-27 15:59:12,520 [ERROR] ConditionMgr:805 - Attr not supported : Dmpu
2024-07-27 15:59:12,520 [ERROR] ConditionMgr:805 - Attr not supported : Dmpu
2024-07-27 15:59:12,520 [ERROR] ConditionMgr:805 - Attr not supported : Dmpu
2024-07-27 15:59:12,520 [ERROR] ConditionMgr:805 - Attr not supported : Dmpu
2024-07-27 15:59:12,520 [ERROR] ConditionMgr:805 - Attr not supported : Dmpu
2024-07-27 15:59:12,520 [ERROR] ConditionMgr:805 - Attr not supported : Dmpu
2024-07-27 15:59:12,520 [ERROR] ConditionMgr:805 - Attr not supported : Dmpu
2024-07-27 15:59:12,521 [ERROR] ConditionMgr:805 - Attr not supported : Dmpu
2024-07-27 15:59:12,521 [ERROR] ConditionMgr:805 - Attr not supported : Dmpu
2024-07-27 15:59:12,521 [ERROR] ConditionMgr:805 - Attr not supported : Dmpu
2024-07-27 15:59:12,539 [WARN] PackLoader:240 - Cannot read IP mode file for STMicroelectronics.X-CUBE-BLEMGR.3.0.0
2024-07-27 15:59:12,555 [WARN] PackLoader:240 - Cannot read IP mode file for RealThread.X-CUBE-RT-Thread_Nano.4.1.1
2024-07-27 15:59:12,561 [WARN] PackLoader:240 - Cannot read IP mode file for STMicroelectronics.FP-ATR-SIGFOX1.3.2.0
2024-07-27 15:59:12,579 [WARN] PackLoader:240 - Cannot read IP mode file for STMicroelectronics.X-CUBE-EEPRMA1.5.1.0
2024-07-27 15:59:12,619 [WARN] PackLoader:240 - Cannot read IP mode file for SEGGER.I-CUBE-embOS.1.3.1
2024-07-27 15:59:12,665 [WARN] PackLoader:240 - Cannot read IP mode file for STMicroelectronics.X-CUBE-ALGOBUILD.1.4.0
2024-07-27 15:59:12,680 [WARN] PackLoader:240 - Cannot read IP mode file for STMicroelectronics.X-CUBE-GNSS1.6.0.0
2024-07-27 15:59:12,713 [WARN] PackLoader:240 - Cannot read IP mode file for STMicroelectronics.X-CUBE-AZRTOS-F4.1.1.0
2024-07-27 15:59:12,728 [WARN] PackLoader:240 - Cannot read IP mode file for wolfSSL.I-CUBE-wolfSSL.5.6.4
2024-07-27 15:59:12,744 [WARN] PackLoader:240 - Cannot read IP mode file for STMicroelectronics.X-CUBE-FREERTOS.1.2.0
2024-07-27 15:59:12,778 [WARN] PackLoader:240 - Cannot read IP mode file for STMicroelectronics.X-CUBE-AZRTOS-L5.2.0.0
2024-07-27 15:59:12,796 [WARN] PackLoader:240 - Cannot read IP mode file for STMicroelectronics.X-CUBE-EEPRMA1.4.2.0
2024-07-27 15:59:12,813 [WARN] PackLoader:240 - Cannot read IP mode file for STMicroelectronics.X-CUBE-NFC6.3.1.0
2024-07-27 15:59:12,829 [WARN] PackLoader:240 - Cannot read IP mode file for ITTIA_DB.I-CUBE-ITTIADB.8.8.0
2024-07-27 15:59:12,845 [WARN] PackLoader:240 - Cannot read IP mode file for STMicroelectronics.X-CUBE-DPower.1.2.0
2024-07-27 15:59:12,859 [WARN] PackLoader:240 - Cannot read IP mode file for STMicroelectronics.X-CUBE-AI.9.0.0
2024-07-27 15:59:12,901 [WARN] ConditionMgr:438 - getConditionDescription Invalid condition id : UX DEVICE CLASS RTOS Condition cause : null
2024-07-27 15:59:12,901 [WARN] ConditionMgr:438 - getConditionDescription Invalid condition id : UX DEVICE CLASS RTOS Condition cause : null
2024-07-27 15:59:12,904 [WARN] PackLoader:240 - Cannot read IP mode file for STMicroelectronics.X-CUBE-AZRTOS-H7.3.1.0
2024-07-27 15:59:12,905 [WARN] ConditionMgr:1039 - genDependencies : Invalid condition id : UX DEVICE CLASS RTOS Condition cause : null
2024-07-27 15:59:12,905 [WARN] ConditionMgr:1039 - genDependencies : Invalid condition id : UX DEVICE CLASS RTOS Condition cause : null
2024-07-27 15:59:12,906 [WARN] ConditionMgr:1039 - genDependencies : Invalid condition id : UX DEVICE CLASS RTOS Condition cause : null
2024-07-27 15:59:12,906 [WARN] ConditionMgr:1039 - genDependencies : Invalid condition id : UX DEVICE CLASS RTOS Condition cause : null
2024-07-27 15:59:12,906 [WARN] ConditionMgr:1039 - genDependencies : Invalid condition id : UX DEVICE CLASS RTOS Condition cause : null
2024-07-27 15:59:12,923 [WARN] PackLoader:240 - Cannot read IP mode file for STMicroelectronics.X-CUBE-NFC7.1.0.1
2024-07-27 15:59:12,929 [WARN] PackLoader:240 - Cannot read IP mode file for wolfSSL.I-CUBE-wolfTPM.3.2.0
2024-07-27 15:59:12,957 [WARN] PackLoader:240 - Cannot read IP mode file for STMicroelectronics.X-CUBE-NFC6.3.0.0
2024-07-27 15:59:12,979 [WARN] PackLoader:240 - Cannot read IP mode file for STMicroelectronics.X-CUBE-AI.8.1.0
2024-07-27 15:59:13,038 [WARN] ConditionMgr:438 - getConditionDescription Invalid condition id : LAN8742 Phy interface Condition cause : null
2024-07-27 15:59:13,038 [WARN] PackLoader:240 - Cannot read IP mode file for STMicroelectronics.X-CUBE-AZRTOS-L4.2.0.0
2024-07-27 15:59:13,039 [WARN] ConditionMgr:1039 - genDependencies : Invalid condition id : LAN8742 Phy interface Condition cause : null
2024-07-27 15:59:13,039 [WARN] ConditionMgr:1039 - genDependencies : Invalid condition id : LAN8742 Phy interface Condition cause : null
2024-07-27 15:59:13,040 [WARN] ConditionMgr:1039 - genDependencies : Invalid condition id : LAN8742 Phy interface Condition cause : null
2024-07-27 15:59:13,061 [WARN] PackLoader:240 - Cannot read IP mode file for STMicroelectronics.X-CUBE-SFXS2LP1.4.0.0
2024-07-27 15:59:13,080 [WARN] PackLoader:240 - Cannot read IP mode file for STMicroelectronics.X-CUBE-ISPU.1.1.0
2024-07-27 15:59:13,108 [WARN] ConditionMgr:438 - getConditionDescription Invalid condition id : UX DEVICE CLASS RTOS Condition cause : null
2024-07-27 15:59:13,108 [WARN] ConditionMgr:438 - getConditionDescription Invalid condition id : UX DEVICE CLASS RTOS Condition cause : null
2024-07-27 15:59:13,110 [WARN] PackLoader:240 - Cannot read IP mode file for STMicroelectronics.X-CUBE-AZRTOS-WB.2.0.0
2024-07-27 15:59:13,110 [WARN] ConditionMgr:1039 - genDependencies : Invalid condition id : UX DEVICE CLASS RTOS Condition cause : null
2024-07-27 15:59:13,110 [WARN] ConditionMgr:1039 - genDependencies : Invalid condition id : UX DEVICE CLASS RTOS Condition cause : null
2024-07-27 15:59:13,111 [WARN] ConditionMgr:1039 - genDependencies : Invalid condition id : UX DEVICE CLASS RTOS Condition cause : null
2024-07-27 15:59:13,111 [WARN] ConditionMgr:1039 - genDependencies : Invalid condition id : UX DEVICE CLASS RTOS Condition cause : null
2024-07-27 15:59:13,111 [WARN] ConditionMgr:1039 - genDependencies : Invalid condition id : UX DEVICE CLASS RTOS Condition cause : null
2024-07-27 15:59:13,117 [WARN] PackLoader:240 - Cannot read IP mode file for STMicroelectronics.FP-SNS-STBOX1.2.0.0
2024-07-27 15:59:13,141 [WARN] PackLoader:240 - Cannot read IP mode file for STMicroelectronics.X-CUBE-SUBG2.5.0.0
2024-07-27 15:59:13,152 [WARN] PackLoader:240 - Cannot read IP mode file for Cesanta.I-CUBE-Mongoose.7.13.0
2024-07-27 15:59:13,174 [WARN] PackLoader:240 - Cannot read IP mode file for STMicroelectronics.X-CUBE-TOF1.3.3.1
2024-07-27 15:59:13,211 [WARN] PackLoader:240 - Cannot read IP mode file for STMicroelectronics.X-CUBE-AZRTOS-G4.2.0.0
2024-07-27 15:59:13,243 [WARN] PackLoader:240 - Cannot read IP mode file for Infineon.AIROC-Wi-Fi-Bluetooth-STM32.1.5.1
2024-07-27 15:59:13,260 [WARN] PackLoader:240 - Cannot read IP mode file for STMicroelectronics.FP-SNS-MOTENVWB1.1.3.0
2024-07-27 15:59:13,274 [WARN] PackLoader:240 - Cannot read IP mode file for STMicroelectronics.FP-SNS-MOTENVWB1.1.3.1
2024-07-27 15:59:13,287 [WARN] PackLoader:240 - Cannot read IP mode file for STMicroelectronics.X-CUBE-ISPU.2.0.0
2024-07-27 15:59:13,300 [WARN] PackLoader:240 - Cannot read IP mode file for STMicroelectronics.X-CUBE-ALS.1.0.2
2024-07-27 15:59:13,365 [WARN] PackLoader:240 - Cannot read IP mode file for STMicroelectronics.X-CUBE-MEMS1.10.0.0
2024-07-27 15:59:13,553 [WARN] PackLoader:240 - Cannot read IP mode file for STMicroelectronics.X-CUBE-FREERTOS.1.1.0
2024-07-27 15:59:13,565 [WARN] PackLoader:240 - Cannot read IP mode file for STMicroelectronics.X-CUBE-TOUCHGFX.4.24.0
2024-07-27 15:59:13,584 [WARN] PackLoader:240 - Cannot read IP mode file for portGmbH.I-Cube-SoM-uGOAL.1.1.0
2024-07-27 15:59:13,597 [WARN] PackLoader:240 - Cannot read IP mode file for STMicroelectronics.X-CUBE-ALS.1.0.1
2024-07-27 15:59:13,631 [WARN] PackLoader:240 - Cannot read IP mode file for STMicroelectronics.X-CUBE-AZRTOS-H7RS.1.0.0
2024-07-27 15:59:13,639 [WARN] PackLoader:240 - Cannot read IP mode file for STMicroelectronics.FP-ATR-ASTRA1.2.0.0
2024-07-27 15:59:13,646 [WARN] PackLoader:240 - Cannot read IP mode file for STMicroelectronics.X-CUBE-TOF1.3.4.2
2024-07-27 15:59:13,674 [WARN] PackLoader:240 - Cannot read IP mode file for STMicroelectronics.X-CUBE-TOF1.3.4.0
2024-07-27 15:59:13,705 [WARN] PackLoader:240 - Cannot read IP mode file for STMicroelectronics.X-CUBE-TOF1.3.4.1
2024-07-27 15:59:13,759 [WARN] PackLoader:240 - Cannot read IP mode file for STMicroelectronics.X-CUBE-AZRTOS-H7.3.2.0
2024-07-27 15:59:13,769 [WARN] PackLoader:240 - Cannot read IP mode file for wolfSSL.I-CUBE-wolfSSH.1.4.17
2024-07-27 15:59:13,769 [INFO] ThirdParty:978 - Integrity check success = true
2024-07-27 15:59:13,769 [INFO] IntegrityCheckThread:100 - exiting critical section [integrity check]
2024-07-27 15:59:13,769 [INFO] IntegrityCheckThread:103 - End integrity checks thread
